Started by GitHub push by KienanBachwa
Building in workspace /var/jenkins_home/workspace/teami-polydiploma-entities
using credential 97fbda0c-87a0-475d-b85b-e27c7e4a8d2a
 > git rev-parse --is-inside-work-tree # timeout=10
Fetching changes from the remote Git repository
 > git config remote.origin.url https://github.com/pns-isa-devops-1819/teami-polydiploma-entities.git # timeout=10
Fetching upstream changes from https://github.com/pns-isa-devops-1819/teami-polydiploma-entities.git
 > git --version # timeout=10
using GIT_ASKPASS to set credentials 
 > git fetch --tags --force --progress https://github.com/pns-isa-devops-1819/teami-polydiploma-entities.git +refs/heads/*:refs/remotes/origin/*
 > git rev-parse refs/remotes/origin/master^{commit} # timeout=10
 > git rev-parse refs/remotes/origin/origin/master^{commit} # timeout=10
Checking out Revision 2dabd37e4a86e68438f64f3c621c3c754baccf8f (refs/remotes/origin/master)
 > git config core.sparsecheckout # timeout=10
 > git checkout -f 2dabd37e4a86e68438f64f3c621c3c754baccf8f
Commit message: "Added commands to manage events on the admin cli"
 > git rev-list --no-walk 31704df83720af859bb8ffd3fbc984a9c925153e # timeout=10
Jenkins Artifactory Plugin version: 3.2.2
Artifactory integration is enabled
[teami-polydiploma-entities] $ /usr/lib/jvm/java-1.8-openjdk/bin/java -classpath /var/jenkins_home/tools/hudson.tasks.Maven_MavenInstallation/M3/boot/* -Dmaven.home=/var/jenkins_home/tools/hudson.tasks.Maven_MavenInstallation/M3 -Dmaven.conf=/var/jenkins_home/tools/hudson.tasks.Maven_MavenInstallation/M3/conf -DbuildInfoConfig.propertiesFile=/var/jenkins_home/workspace/teami-polydiploma-entities@tmp/artifactory/buildInfo5614865340377925058.properties -DbuildInfoConfig.artifactoryResolutionEnabled=true -Dm3plugin.lib=/var/jenkins_home/workspace/teami-polydiploma-entities/cache/artifactory-plugin/3.2.2 -Dclassworlds.conf=/var/jenkins_home/workspace/teami-polydiploma-entities/classworlds7846155221337431859conf -Dmaven.multiModuleProjectDirectory=/var/jenkins_home/workspace/teami-polydiploma-entities org.codehaus.plexus.classworlds.launcher.Launcher clean install deploy
[main] INFO org.apache.maven.cli.event.ExecutionEventLogger - Scanning for projects...
[main] INFO org.jfrog.build.extractor.maven.BuildInfoRecorder - Initializing Artifactory Build-Info Recording
[main] INFO org.apache.maven.cli.event.ExecutionEventLogger - 
[main] INFO org.apache.maven.cli.event.ExecutionEventLogger - --< fr.unice.polytech.si4.isa.devops.teami:teami-polydiploma-entities >--
[main] INFO org.apache.maven.cli.event.ExecutionEventLogger - Building teami-polydiploma-entities 1.3
[main] INFO org.apache.maven.cli.event.ExecutionEventLogger - --------------------------------[ jar ]---------------------------------
[main] INFO org.apache.maven.cli.event.ExecutionEventLogger - 
[main] INFO org.apache.maven.cli.event.ExecutionEventLogger - --- maven-clean-plugin:3.1.0:clean (default-clean) @ teami-polydiploma-entities ---
[main] INFO org.apache.maven.plugins.clean.CleanMojo - Deleting /var/jenkins_home/workspace/teami-polydiploma-entities/target
[main] INFO org.apache.maven.cli.event.ExecutionEventLogger - 
[main] INFO org.apache.maven.cli.event.ExecutionEventLogger - --- jacoco-maven-plugin:0.8.2:prepare-agent (agent-for-ut) @ teami-polydiploma-entities ---
[main] INFO org.jacoco.maven.AgentMojo - argLine set to -javaagent:/var/jenkins_home/workspace/teami-polydiploma-entities/?/.m2/repository/org/jacoco/org.jacoco.agent/0.8.2/org.jacoco.agent-0.8.2-runtime.jar=destfile=/var/jenkins_home/workspace/teami-polydiploma-entities/target/jacoco.exec,append=true
[main] INFO org.apache.maven.cli.event.ExecutionEventLogger - 
[main] INFO org.apache.maven.cli.event.ExecutionEventLogger - --- maven-resources-plugin:3.0.2:resources (default-resources) @ teami-polydiploma-entities ---
[main] INFO org.apache.maven.shared.filtering.DefaultMavenResourcesFiltering - Using 'UTF-8' encoding to copy filtered resources.
[main] INFO org.apache.maven.shared.filtering.DefaultMavenResourcesFiltering - skip non existing resourceDirectory /var/jenkins_home/workspace/teami-polydiploma-entities/src/main/resources
[main] INFO org.apache.maven.cli.event.ExecutionEventLogger - 
[main] INFO org.apache.maven.cli.event.ExecutionEventLogger - --- maven-compiler-plugin:3.8.0:compile (default-compile) @ teami-polydiploma-entities ---
[main] INFO org.apache.maven.plugin.compiler.CompilerMojo - Changes detected - recompiling the module!
[main] INFO org.codehaus.plexus.compiler.javac.JavacCompiler - Compiling 16 source files to /var/jenkins_home/workspace/teami-polydiploma-entities/target/classes
[main] INFO org.apache.maven.cli.event.ExecutionEventLogger - 
[main] INFO org.apache.maven.cli.event.ExecutionEventLogger - --- maven-resources-plugin:3.0.2:testResources (default-testResources) @ teami-polydiploma-entities ---
[main] INFO org.apache.maven.shared.filtering.DefaultMavenResourcesFiltering - Using 'UTF-8' encoding to copy filtered resources.
[main] INFO org.apache.maven.shared.filtering.DefaultMavenResourcesFiltering - Copying 2 resources
[main] INFO org.apache.maven.cli.event.ExecutionEventLogger - 
[main] INFO org.apache.maven.cli.event.ExecutionEventLogger - --- maven-compiler-plugin:3.8.0:testCompile (default-testCompile) @ teami-polydiploma-entities ---
[main] INFO org.apache.maven.plugin.compiler.TestCompilerMojo - Changes detected - recompiling the module!
[main] INFO org.codehaus.plexus.compiler.javac.JavacCompiler - Compiling 14 source files to /var/jenkins_home/workspace/teami-polydiploma-entities/target/test-classes
[main] INFO org.apache.maven.cli.event.ExecutionEventLogger - 
[main] INFO org.apache.maven.cli.event.ExecutionEventLogger - --- maven-surefire-plugin:2.22.1:test (default-test) @ teami-polydiploma-entities ---
[main] INFO org.apache.maven.plugin.surefire.SurefirePlugin - 
[main] INFO org.apache.maven.plugin.surefire.SurefirePlugin - -------------------------------------------------------
[main] INFO org.apache.maven.plugin.surefire.SurefirePlugin -  T E S T S
[main] INFO org.apache.maven.plugin.surefire.SurefirePlugin - -------------------------------------------------------
[ThreadedStreamConsumer] INFO org.apache.maven.plugin.surefire.SurefirePlugin - Running fr.unice.polytech.si4.isa.devops.teami.entities.guests.VipTest
469  classpath-bootstrap  INFO   [main] openjpa.Runtime - OpenJPA dynamically loaded a validation provider.
Apr 16, 2019 4:47:10 PM org.apache.tomee.embedded.Container start
INFO: Starting TomEE from: /tmp/arquillian-apache-tomee
Apr 16, 2019 4:47:10 PM org.apache.coyote.AbstractProtocol init
INFO: Initializing ProtocolHandler ["http-nio-8080"]
Apr 16, 2019 4:47:10 PM org.apache.coyote.AbstractProtocol init
SEVERE: Failed to initialize end point associated with ProtocolHandler ["http-nio-8080"]
java.net.BindException: Address in use
	at sun.nio.ch.Net.bind0(Native Method)
	at sun.nio.ch.Net.bind(Net.java:433)
	at sun.nio.ch.Net.bind(Net.java:425)
	at sun.nio.ch.ServerSocketChannelImpl.bind(ServerSocketChannelImpl.java:223)
	at sun.nio.ch.ServerSocketAdaptor.bind(ServerSocketAdaptor.java:74)
	at org.apache.tomcat.util.net.NioEndpoint.bind(NioEndpoint.java:228)
	at org.apache.tomcat.util.net.AbstractEndpoint.init(AbstractEndpoint.java:866)
	at org.apache.tomcat.util.net.AbstractJsseEndpoint.init(AbstractJsseEndpoint.java:213)
	at org.apache.coyote.AbstractProtocol.init(AbstractProtocol.java:575)
	at org.apache.coyote.http11.AbstractHttp11Protocol.init(AbstractHttp11Protocol.java:65)
	at org.apache.catalina.connector.Connector.initInternal(Connector.java:944)
	at org.apache.catalina.util.LifecycleBase.init(LifecycleBase.java:107)
	at org.apache.catalina.core.StandardService.initInternal(StandardService.java:549)
	at org.apache.catalina.util.LifecycleBase.init(LifecycleBase.java:107)
	at org.apache.catalina.core.StandardServer.initInternal(StandardServer.java:873)
	at org.apache.catalina.util.LifecycleBase.init(LifecycleBase.java:107)
	at org.apache.catalina.startup.Tomcat.init(Tomcat.java:344)
	at org.apache.tomee.embedded.Container.start(Container.java:679)
	at org.apache.openejb.arquillian.embedded.EmbeddedTomEEContainer.start(EmbeddedTomEEContainer.java:135)
	at org.jboss.arquillian.container.impl.ContainerImpl.start(ContainerImpl.java:199)
	at org.jboss.arquillian.container.impl.client.container.ContainerLifecycleController$8.perform(ContainerLifecycleController.java:163)
	at org.jboss.arquillian.container.impl.client.container.ContainerLifecycleController$8.perform(ContainerLifecycleController.java:157)
	at org.jboss.arquillian.container.impl.client.container.ContainerLifecycleController.forContainer(ContainerLifecycleController.java:255)
	at org.jboss.arquillian.container.impl.client.container.ContainerLifecycleController.startContainer(ContainerLifecycleController.java:156)
	at sun.reflect.NativeMethodAccessorImpl.invoke0(Native Method)
	at sun.reflect.NativeMethodAccessorImpl.invoke(NativeMethodAccessorImpl.java:62)
	at sun.reflect.DelegatingMethodAccessorImpl.invoke(DelegatingMethodAccessorImpl.java:43)
	at java.lang.reflect.Method.invoke(Method.java:498)
	at org.jboss.arquillian.core.impl.ObserverImpl.invoke(ObserverImpl.java:96)
	at org.jboss.arquillian.core.impl.EventContextImpl.invokeObservers(EventContextImpl.java:99)
	at org.jboss.arquillian.core.impl.EventContextImpl.proceed(EventContextImpl.java:81)
	at org.jboss.arquillian.container.impl.client.ContainerDeploymentContextHandler.createContainerContext(ContainerDeploymentContextHandler.java:57)
	at sun.reflect.NativeMethodAccessorImpl.invoke0(Native Method)
	at sun.reflect.NativeMethodAccessorImpl.invoke(NativeMethodAccessorImpl.java:62)
	at sun.reflect.DelegatingMethodAccessorImpl.invoke(DelegatingMethodAccessorImpl.java:43)
	at java.lang.reflect.Method.invoke(Method.java:498)
	at org.jboss.arquillian.core.impl.ObserverImpl.invoke(ObserverImpl.java:96)
	at org.jboss.arquillian.core.impl.EventContextImpl.proceed(EventContextImpl.java:88)
	at org.jboss.arquillian.core.impl.ManagerImpl.fire(ManagerImpl.java:145)
	at org.jboss.arquillian.core.impl.ManagerImpl.fire(ManagerImpl.java:116)
	at org.jboss.arquillian.core.impl.EventImpl.fire(EventImpl.java:67)
	at org.jboss.arquillian.container.impl.client.container.ContainerLifecycleController$2.perform(ContainerLifecycleController.java:77)
	at org.jboss.arquillian.container.impl.client.container.ContainerLifecycleController$2.perform(ContainerLifecycleController.java:70)
	at org.jboss.arquillian.container.impl.client.container.ContainerLifecycleController.forEachSuiteContainer(ContainerLifecycleController.java:221)
	at org.jboss.arquillian.container.impl.client.container.ContainerLifecycleController.startSuiteContainers(ContainerLifecycleController.java:69)
	at sun.reflect.NativeMethodAccessorImpl.invoke0(Native Method)
	at sun.reflect.NativeMethodAccessorImpl.invoke(NativeMethodAccessorImpl.java:62)
	at sun.reflect.DelegatingMethodAccessorImpl.invoke(DelegatingMethodAccessorImpl.java:43)
	at java.lang.reflect.Method.invoke(Method.java:498)
	at org.jboss.arquillian.core.impl.ObserverImpl.invoke(ObserverImpl.java:96)
	at org.jboss.arquillian.core.impl.EventContextImpl.invokeObservers(EventContextImpl.java:99)
	at org.jboss.arquillian.core.impl.EventContextImpl.proceed(EventContextImpl.java:81)
	at org.jboss.arquillian.core.impl.ManagerImpl.fire(ManagerImpl.java:145)
	at org.jboss.arquillian.core.impl.ManagerImpl.fire(ManagerImpl.java:116)
	at org.jboss.arquillian.core.impl.EventImpl.fire(EventImpl.java:67)
	at org.jboss.arquillian.container.test.impl.client.ContainerEventController.execute(ContainerEventController.java:86)
	at sun.reflect.NativeMethodAccessorImpl.invoke0(Native Method)
	at sun.reflect.NativeMethodAccessorImpl.invoke(NativeMethodAccessorImpl.java:62)
	at sun.reflect.DelegatingMethodAccessorImpl.invoke(DelegatingMethodAccessorImpl.java:43)
	at java.lang.reflect.Method.invoke(Method.java:498)
	at org.jboss.arquillian.core.impl.ObserverImpl.invoke(ObserverImpl.java:96)
	at org.jboss.arquillian.core.impl.EventContextImpl.invokeObservers(EventContextImpl.java:99)
	at org.jboss.arquillian.core.impl.EventContextImpl.proceed(EventContextImpl.java:81)
	at org.jboss.arquillian.test.impl.TestContextHandler.createSuiteContext(TestContextHandler.java:73)
	at sun.reflect.NativeMethodAccessorImpl.invoke0(Native Method)
	at sun.reflect.NativeMethodAccessorImpl.invoke(NativeMethodAccessorImpl.java:62)
	at sun.reflect.DelegatingMethodAccessorImpl.invoke(DelegatingMethodAccessorImpl.java:43)
	at java.lang.reflect.Method.invoke(Method.java:498)
	at org.jboss.arquillian.core.impl.ObserverImpl.invoke(ObserverImpl.java:96)
	at org.jboss.arquillian.core.impl.EventContextImpl.proceed(EventContextImpl.java:88)
	at org.jboss.arquillian.core.impl.ManagerImpl.fire(ManagerImpl.java:145)
	at org.jboss.arquillian.core.impl.ManagerImpl.fire(ManagerImpl.java:116)
	at org.jboss.arquillian.test.impl.EventTestRunnerAdaptor.beforeSuite(EventTestRunnerAdaptor.java:75)
	at org.jboss.arquillian.junit.Arquillian.run(Arquillian.java:116)
	at org.apache.maven.surefire.junit4.JUnit4Provider.execute(JUnit4Provider.java:365)
	at org.apache.maven.surefire.junit4.JUnit4Provider.executeWithRerun(JUnit4Provider.java:273)
	at org.apache.maven.surefire.junit4.JUnit4Provider.executeTestSet(JUnit4Provider.java:238)
	at org.apache.maven.surefire.junit4.JUnit4Provider.invoke(JUnit4Provider.java:159)
	at org.apache.maven.surefire.booter.ForkedBooter.invokeProviderInSameClassLoader(ForkedBooter.java:384)
	at org.apache.maven.surefire.booter.ForkedBooter.runSuitesInProcess(ForkedBooter.java:345)
	at org.apache.maven.surefire.booter.ForkedBooter.execute(ForkedBooter.java:126)
	at org.apache.maven.surefire.booter.ForkedBooter.main(ForkedBooter.java:418)

Apr 16, 2019 4:47:10 PM org.apache.catalina.core.StandardService initInternal
SEVERE: Failed to initialize connector [Connector[HTTP/1.1-8080]]
org.apache.catalina.LifecycleException: Failed to initialize component [Connector[HTTP/1.1-8080]]
	at org.apache.catalina.util.LifecycleBase.init(LifecycleBase.java:112)
	at org.apache.catalina.core.StandardService.initInternal(StandardService.java:549)
	at org.apache.catalina.util.LifecycleBase.init(LifecycleBase.java:107)
	at org.apache.catalina.core.StandardServer.initInternal(StandardServer.java:873)
	at org.apache.catalina.util.LifecycleBase.init(LifecycleBase.java:107)
	at org.apache.catalina.startup.Tomcat.init(Tomcat.java:344)
	at org.apache.tomee.embedded.Container.start(Container.java:679)
	at org.apache.openejb.arquillian.embedded.EmbeddedTomEEContainer.start(EmbeddedTomEEContainer.java:135)
	at org.jboss.arquillian.container.impl.ContainerImpl.start(ContainerImpl.java:199)
	at org.jboss.arquillian.container.impl.client.container.ContainerLifecycleController$8.perform(ContainerLifecycleController.java:163)
	at org.jboss.arquillian.container.impl.client.container.ContainerLifecycleController$8.perform(ContainerLifecycleController.java:157)
	at org.jboss.arquillian.container.impl.client.container.ContainerLifecycleController.forContainer(ContainerLifecycleController.java:255)
	at org.jboss.arquillian.container.impl.client.container.ContainerLifecycleController.startContainer(ContainerLifecycleController.java:156)
	at sun.reflect.NativeMethodAccessorImpl.invoke0(Native Method)
	at sun.reflect.NativeMethodAccessorImpl.invoke(NativeMethodAccessorImpl.java:62)
	at sun.reflect.DelegatingMethodAccessorImpl.invoke(DelegatingMethodAccessorImpl.java:43)
	at java.lang.reflect.Method.invoke(Method.java:498)
	at org.jboss.arquillian.core.impl.ObserverImpl.invoke(ObserverImpl.java:96)
	at org.jboss.arquillian.core.impl.EventContextImpl.invokeObservers(EventContextImpl.java:99)
	at org.jboss.arquillian.core.impl.EventContextImpl.proceed(EventContextImpl.java:81)
	at org.jboss.arquillian.container.impl.client.ContainerDeploymentContextHandler.createContainerContext(ContainerDeploymentContextHandler.java:57)
	at sun.reflect.NativeMethodAccessorImpl.invoke0(Native Method)
	at sun.reflect.NativeMethodAccessorImpl.invoke(NativeMethodAccessorImpl.java:62)
	at sun.reflect.DelegatingMethodAccessorImpl.invoke(DelegatingMethodAccessorImpl.java:43)
	at java.lang.reflect.Method.invoke(Method.java:498)
	at org.jboss.arquillian.core.impl.ObserverImpl.invoke(ObserverImpl.java:96)
	at org.jboss.arquillian.core.impl.EventContextImpl.proceed(EventContextImpl.java:88)
	at org.jboss.arquillian.core.impl.ManagerImpl.fire(ManagerImpl.java:145)
	at org.jboss.arquillian.core.impl.ManagerImpl.fire(ManagerImpl.java:116)
	at org.jboss.arquillian.core.impl.EventImpl.fire(EventImpl.java:67)
	at org.jboss.arquillian.container.impl.client.container.ContainerLifecycleController$2.perform(ContainerLifecycleController.java:77)
	at org.jboss.arquillian.container.impl.client.container.ContainerLifecycleController$2.perform(ContainerLifecycleController.java:70)
	at org.jboss.arquillian.container.impl.client.container.ContainerLifecycleController.forEachSuiteContainer(ContainerLifecycleController.java:221)
	at org.jboss.arquillian.container.impl.client.container.ContainerLifecycleController.startSuiteContainers(ContainerLifecycleController.java:69)
	at sun.reflect.NativeMethodAccessorImpl.invoke0(Native Method)
	at sun.reflect.NativeMethodAccessorImpl.invoke(NativeMethodAccessorImpl.java:62)
	at sun.reflect.DelegatingMethodAccessorImpl.invoke(DelegatingMethodAccessorImpl.java:43)
	at java.lang.reflect.Method.invoke(Method.java:498)
	at org.jboss.arquillian.core.impl.ObserverImpl.invoke(ObserverImpl.java:96)
	at org.jboss.arquillian.core.impl.EventContextImpl.invokeObservers(EventContextImpl.java:99)
	at org.jboss.arquillian.core.impl.EventContextImpl.proceed(EventContextImpl.java:81)
	at org.jboss.arquillian.core.impl.ManagerImpl.fire(ManagerImpl.java:145)
	at org.jboss.arquillian.core.impl.ManagerImpl.fire(ManagerImpl.java:116)
	at org.jboss.arquillian.core.impl.EventImpl.fire(EventImpl.java:67)
	at org.jboss.arquillian.container.test.impl.client.ContainerEventController.execute(ContainerEventController.java:86)
	at sun.reflect.NativeMethodAccessorImpl.invoke0(Native Method)
	at sun.reflect.NativeMethodAccessorImpl.invoke(NativeMethodAccessorImpl.java:62)
	at sun.reflect.DelegatingMethodAccessorImpl.invoke(DelegatingMethodAccessorImpl.java:43)
	at java.lang.reflect.Method.invoke(Method.java:498)
	at org.jboss.arquillian.core.impl.ObserverImpl.invoke(ObserverImpl.java:96)
	at org.jboss.arquillian.core.impl.EventContextImpl.invokeObservers(EventContextImpl.java:99)
	at org.jboss.arquillian.core.impl.EventContextImpl.proceed(EventContextImpl.java:81)
	at org.jboss.arquillian.test.impl.TestContextHandler.createSuiteContext(TestContextHandler.java:73)
	at sun.reflect.NativeMethodAccessorImpl.invoke0(Native Method)
	at sun.reflect.NativeMethodAccessorImpl.invoke(NativeMethodAccessorImpl.java:62)
	at sun.reflect.DelegatingMethodAccessorImpl.invoke(DelegatingMethodAccessorImpl.java:43)
	at java.lang.reflect.Method.invoke(Method.java:498)
	at org.jboss.arquillian.core.impl.ObserverImpl.invoke(ObserverImpl.java:96)
	at org.jboss.arquillian.core.impl.EventContextImpl.proceed(EventContextImpl.java:88)
	at org.jboss.arquillian.core.impl.ManagerImpl.fire(ManagerImpl.java:145)
	at org.jboss.arquillian.core.impl.ManagerImpl.fire(ManagerImpl.java:116)
	at org.jboss.arquillian.test.impl.EventTestRunnerAdaptor.beforeSuite(EventTestRunnerAdaptor.java:75)
	at org.jboss.arquillian.junit.Arquillian.run(Arquillian.java:116)
	at org.apache.maven.surefire.junit4.JUnit4Provider.execute(JUnit4Provider.java:365)
	at org.apache.maven.surefire.junit4.JUnit4Provider.executeWithRerun(JUnit4Provider.java:273)
	at org.apache.maven.surefire.junit4.JUnit4Provider.executeTestSet(JUnit4Provider.java:238)
	at org.apache.maven.surefire.junit4.JUnit4Provider.invoke(JUnit4Provider.java:159)
	at org.apache.maven.surefire.booter.ForkedBooter.invokeProviderInSameClassLoader(ForkedBooter.java:384)
	at org.apache.maven.surefire.booter.ForkedBooter.runSuitesInProcess(ForkedBooter.java:345)
	at org.apache.maven.surefire.booter.ForkedBooter.execute(ForkedBooter.java:126)
	at org.apache.maven.surefire.booter.ForkedBooter.main(ForkedBooter.java:418)
Caused by: org.apache.catalina.LifecycleException: Protocol handler initialization failed
	at org.apache.catalina.connector.Connector.initInternal(Connector.java:946)
	at org.apache.catalina.util.LifecycleBase.init(LifecycleBase.java:107)
	... 70 more
Caused by: java.net.BindException: Address in use
	at sun.nio.ch.Net.bind0(Native Method)
	at sun.nio.ch.Net.bind(Net.java:433)
	at sun.nio.ch.Net.bind(Net.java:425)
	at sun.nio.ch.ServerSocketChannelImpl.bind(ServerSocketChannelImpl.java:223)
	at sun.nio.ch.ServerSocketAdaptor.bind(ServerSocketAdaptor.java:74)
	at org.apache.tomcat.util.net.NioEndpoint.bind(NioEndpoint.java:228)
	at org.apache.tomcat.util.net.AbstractEndpoint.init(AbstractEndpoint.java:866)
	at org.apache.tomcat.util.net.AbstractJsseEndpoint.init(AbstractJsseEndpoint.java:213)
	at org.apache.coyote.AbstractProtocol.init(AbstractProtocol.java:575)
	at org.apache.coyote.http11.AbstractHttp11Protocol.init(AbstractHttp11Protocol.java:65)
	at org.apache.catalina.connector.Connector.initInternal(Connector.java:944)
	... 71 more

Apr 16, 2019 4:47:11 PM org.apache.catalina.core.StandardService startInternal
INFO: Starting service Tomcat
Apr 16, 2019 4:47:11 PM org.apache.catalina.core.StandardEngine startInternal
INFO: Starting Servlet Engine: Apache Tomcat/8.5.6
java.lang.instrument.IllegalClassFormatException: Error while instrumenting org/apache/tomee/jasper/TomEETldScanner.
	at org.jacoco.agent.rt.internal_28bab1d.CoverageTransformer.transform(CoverageTransformer.java:93)
	at sun.instrument.TransformerManager.transform(TransformerManager.java:188)
	at sun.instrument.InstrumentationImpl.transform(InstrumentationImpl.java:428)
	at java.lang.ClassLoader.defineClass1(Native Method)
	at java.lang.ClassLoader.defineClass(ClassLoader.java:763)
	at java.security.SecureClassLoader.defineClass(SecureClassLoader.java:142)
	at java.net.URLClassLoader.defineClass(URLClassLoader.java:468)
	at java.net.URLClassLoader.access$100(URLClassLoader.java:74)
	at java.net.URLClassLoader$1.run(URLClassLoader.java:369)
	at java.net.URLClassLoader$1.run(URLClassLoader.java:363)
	at java.security.AccessController.doPrivileged(Native Method)
	at java.net.URLClassLoader.findClass(URLClassLoader.java:362)
	at java.lang.ClassLoader.loadClass(ClassLoader.java:424)
	at sun.misc.Launcher$AppClassLoader.loadClass(Launcher.java:349)
	at java.lang.ClassLoader.loadClass(ClassLoader.java:357)
	at java.lang.Class.forName0(Native Method)
	at java.lang.Class.forName(Class.java:348)
	at org.apache.tomee.catalina.Warmup$2.run(Warmup.java:194)
Caused by: java.io.IOException: Error while instrumenting org/apache/tomee/jasper/TomEETldScanner.
	at org.jacoco.agent.rt.internal_28bab1d.core.instr.Instrumenter.instrumentError(Instrumenter.java:175)
	at org.jacoco.agent.rt.internal_28bab1d.core.instr.Instrumenter.instrument(Instrumenter.java:125)
	at org.jacoco.agent.rt.internal_28bab1d.CoverageTransformer.transform(CoverageTransformer.java:91)
	... 17 more
Caused by: org.jacoco.agent.rt.internal_28bab1d.asm.MethodTooLargeException: Method too large: org/apache/tomee/jasper/TomEETldScanner.populateMyfacesAndJstlData ()V
	at org.jacoco.agent.rt.internal_28bab1d.asm.MethodWriter.computeMethodInfoSize(MethodWriter.java:2080)
	at org.jacoco.agent.rt.internal_28bab1d.asm.ClassWriter.toByteArray(ClassWriter.java:459)
	at org.jacoco.agent.rt.internal_28bab1d.core.instr.Instrumenter.instrument(Instrumenter.java:104)
	at org.jacoco.agent.rt.internal_28bab1d.core.instr.Instrumenter.instrument(Instrumenter.java:123)
	... 18 more
Apr 16, 2019 4:47:13 PM org.apache.openejb.util.OptionsLog info
INFO: Using 'openejb.jdbc.datasource-creator=org.apache.tomee.jdbc.TomEEDataSourceCreator'
Apr 16, 2019 4:47:13 PM org.apache.openejb.OpenEJB$Instance <init>
INFO: ********************************************************************************
Apr 16, 2019 4:47:13 PM org.apache.openejb.OpenEJB$Instance <init>
INFO: OpenEJB http://tomee.apache.org/
Apr 16, 2019 4:47:13 PM org.apache.openejb.OpenEJB$Instance <init>
INFO: Startup: Tue Apr 16 16:47:13 GMT 2019
Apr 16, 2019 4:47:13 PM org.apache.openejb.OpenEJB$Instance <init>
INFO: Copyright 1999-2016 (C) Apache OpenEJB Project, All Rights Reserved.
Apr 16, 2019 4:47:13 PM org.apache.openejb.OpenEJB$Instance <init>
INFO: Version: 7.0.2
Apr 16, 2019 4:47:13 PM org.apache.openejb.OpenEJB$Instance <init>
INFO: Build date: 20161106
Apr 16, 2019 4:47:13 PM org.apache.openejb.OpenEJB$Instance <init>
INFO: Build time: 07:23
Apr 16, 2019 4:47:13 PM org.apache.openejb.OpenEJB$Instance <init>
INFO: ********************************************************************************
Apr 16, 2019 4:47:13 PM org.apache.openejb.OpenEJB$Instance <init>
INFO: openejb.home = /tmp/arquillian-apache-tomee
Apr 16, 2019 4:47:13 PM org.apache.openejb.OpenEJB$Instance <init>
INFO: openejb.base = /tmp/arquillian-apache-tomee
Apr 16, 2019 4:47:13 PM org.apache.openejb.cdi.CdiBuilder initializeOWB
INFO: Created new singletonService org.apache.openejb.cdi.ThreadSingletonServiceImpl@1812ba7f
Apr 16, 2019 4:47:13 PM org.apache.openejb.cdi.CdiBuilder initializeOWB
INFO: Succeeded in installing singleton service
Apr 16, 2019 4:47:13 PM org.apache.openejb.config.ConfigurationFactory init
INFO: TomEE configuration file is '/tmp/arquillian-apache-tomee/conf/openejb.xml'
Apr 16, 2019 4:47:14 PM org.apache.openejb.config.ConfigurationFactory configureService
INFO: Configuring Service(id=Tomcat Security Service, type=SecurityService, provider-id=Tomcat Security Service)
Apr 16, 2019 4:47:14 PM org.apache.openejb.config.ConfigurationFactory configureService
INFO: Configuring Service(id=Default Transaction Manager, type=TransactionManager, provider-id=Default Transaction Manager)
Apr 16, 2019 4:47:14 PM org.apache.openejb.util.OptionsLog info
INFO: Using 'openejb.system.apps=false'
Apr 16, 2019 4:47:14 PM org.apache.openejb.util.OptionsLog info
INFO: Using 'openejb.deployments.classpath=false'
Apr 16, 2019 4:47:14 PM org.apache.openejb.assembler.classic.Assembler createRecipe
INFO: Creating TransactionManager(id=Default Transaction Manager)
Apr 16, 2019 4:47:14 PM org.apache.openejb.assembler.classic.Assembler createRecipe
INFO: Creating SecurityService(id=Tomcat Security Service)
Apr 16, 2019 4:47:14 PM org.apache.openejb.util.OptionsLog info
INFO: Using 'openejb.servicemanager.enabled=false'
Apr 16, 2019 4:47:17 PM org.apache.openejb.util.JarExtractor extract
INFO: Extracting jar: /tmp/arquillian-tomee-app-working-dir/0/d5a1b709-ee86-423d-98b1-ce20ca01c5a3.war
Apr 16, 2019 4:47:17 PM org.apache.openejb.util.JarExtractor extract
INFO: Extracted path: /tmp/arquillian-tomee-app-working-dir/0/d5a1b709-ee86-423d-98b1-ce20ca01c5a3
Apr 16, 2019 4:47:17 PM org.apache.tomee.catalina.TomcatWebAppBuilder deployWebApps
INFO: using default host: localhost
Apr 16, 2019 4:47:17 PM org.apache.tomee.catalina.TomcatWebAppBuilder init
INFO: ------------------------- localhost -> /d5a1b709-ee86-423d-98b1-ce20ca01c5a3
Apr 16, 2019 4:47:17 PM org.apache.openejb.util.OptionsLog info
INFO: Using 'openejb.session.manager=org.apache.tomee.catalina.session.QuickSessionManager'
Apr 16, 2019 4:47:18 PM org.apache.openejb.config.ConfigurationFactory configureApplication
INFO: Configuring enterprise application: /tmp/arquillian-tomee-app-working-dir/0/d5a1b709-ee86-423d-98b1-ce20ca01c5a3
Apr 16, 2019 4:47:19 PM org.apache.openejb.config.ConfigurationFactory configureService
INFO: Configuring Service(id=Default Managed Container, type=Container, provider-id=Default Managed Container)
Apr 16, 2019 4:47:19 PM org.apache.openejb.config.AutoConfig createContainer
INFO: Auto-creating a container for bean d5a1b709-ee86-423d-98b1-ce20ca01c5a3.Comp323073997: Container(type=MANAGED, id=Default Managed Container)
Apr 16, 2019 4:47:19 PM org.apache.openejb.assembler.classic.Assembler createRecipe
INFO: Creating Container(id=Default Managed Container)
Apr 16, 2019 4:47:19 PM org.apache.openejb.core.managed.SimplePassivater init
INFO: Using directory /tmp for stateful session passivation
Apr 16, 2019 4:47:19 PM org.apache.openejb.config.AutoConfig deploy
INFO: Configuring PersistenceUnit(name=entities_persistence_unit)
Apr 16, 2019 4:47:19 PM org.apache.openejb.config.ConfigurationFactory configureService
INFO: Configuring Service(id=Default JDBC Database, type=Resource, provider-id=Default JDBC Database)
Apr 16, 2019 4:47:19 PM org.apache.openejb.config.AutoConfig logAutoCreateResource
INFO: Auto-creating a Resource with id 'Default JDBC Database' of type 'DataSource for 'entities_persistence_unit'.
Apr 16, 2019 4:47:19 PM org.apache.openejb.assembler.classic.Assembler createRecipe
INFO: Creating Resource(id=Default JDBC Database)
Apr 16, 2019 4:47:22 PM org.apache.openejb.config.ConfigurationFactory configureService
INFO: Configuring Service(id=Default Unmanaged JDBC Database, type=Resource, provider-id=Default Unmanaged JDBC Database)
Apr 16, 2019 4:47:22 PM org.apache.openejb.config.AutoConfig logAutoCreateResource
INFO: Auto-creating a Resource with id 'Default Unmanaged JDBC Database' of type 'DataSource for 'entities_persistence_unit'.
Apr 16, 2019 4:47:22 PM org.apache.openejb.assembler.classic.Assembler createRecipe
INFO: Creating Resource(id=Default Unmanaged JDBC Database)
Apr 16, 2019 4:47:22 PM org.apache.openejb.config.AutoConfig setJtaDataSource
INFO: Adjusting PersistenceUnit entities_persistence_unit <jta-data-source> to Resource ID 'Default JDBC Database' from 'PolydiplomaDataSource'
Apr 16, 2019 4:47:22 PM org.apache.openejb.config.AutoConfig setNonJtaDataSource
INFO: Adjusting PersistenceUnit entities_persistence_unit <non-jta-data-source> to Resource ID 'Default Unmanaged JDBC Database' from 'null'
Apr 16, 2019 4:47:22 PM org.apache.openejb.config.ReportValidationResults logResults
WARNING: WARN ... WebModule{moduleId='d5a1b709-ee86-423d-98b1-ce20ca01c5a3', contextRoot='d5a1b709-ee86-423d-98b1-ce20ca01c5a3'}:	Incorrect location of file file:/tmp/arquillian-tomee-app-working-dir/0/d5a1b709-ee86-423d-98b1-ce20ca01c5a3/META-INF/beans.xml The file should be in WEB-INF directory
Apr 16, 2019 4:47:22 PM org.apache.openejb.config.ReportValidationResults logResults
WARNING: 1 warning for WebModule(path=d5a1b709-ee86-423d-98b1-ce20ca01c5a3)
Apr 16, 2019 4:47:22 PM org.apache.openejb.config.AppInfoBuilder build
INFO: Enterprise application "/tmp/arquillian-tomee-app-working-dir/0/d5a1b709-ee86-423d-98b1-ce20ca01c5a3" loaded.
Apr 16, 2019 4:47:22 PM org.apache.openejb.assembler.classic.Assembler createApplication
INFO: Assembling app: /tmp/arquillian-tomee-app-working-dir/0/d5a1b709-ee86-423d-98b1-ce20ca01c5a3
Apr 16, 2019 4:47:22 PM org.apache.openejb.assembler.classic.Assembler$PersistenceClassLoaderHandlerImpl addTransformer
INFO: JAVA AGENT NOT INSTALLED. The JPA Persistence Provider requested installation of a ClassFileTransformer which requires a JavaAgent.  See http://tomee.apache.org/javaagent.html
Apr 16, 2019 4:47:22 PM null
INFO: OpenJPA dynamically loaded a validation provider.
Apr 16, 2019 4:47:22 PM org.apache.openejb.assembler.classic.ReloadableEntityManagerFactory createDelegate
INFO: PersistenceUnit(name=entities_persistence_unit, provider=org.apache.openjpa.persistence.PersistenceProviderImpl) - provider time 119ms
Apr 16, 2019 4:47:23 PM org.apache.openejb.assembler.classic.Assembler createApplication
INFO: Deployed Application(path=/tmp/arquillian-tomee-app-working-dir/0/d5a1b709-ee86-423d-98b1-ce20ca01c5a3)
Apr 16, 2019 4:47:24 PM org.apache.jasper.servlet.TldScanner scanJars
INFO: At least one JAR was scanned for TLDs yet contained no TLDs. Enable debug logging for this logger for a complete list of JARs that were scanned but no TLDs were found in them. Skipping unneeded JARs during scanning can improve startup time and JSP compilation time.
Apr 16, 2019 4:47:25 PM null
INFO: Starting OpenJPA 2.4.1
Apr 16, 2019 4:47:26 PM null
INFO: Using dictionary class "org.apache.openjpa.jdbc.sql.HSQLDictionary" (HSQL Database Engine 2.3.2 ,HSQL Database Engine Driver 2.3.2).
Apr 16, 2019 4:47:26 PM null
INFO: Connected to HSQL Database Engine version 2.2 using JDBC driver HSQL Database Engine Driver version 2.3.2. 
Apr 16, 2019 4:47:29 PM null
INFO: The temporary file "/tmp/org.apache.openjpa.enhance.InstrumentationFactory877624581147600398.jar" was created and it may not get cleaned up properly.
Apr 16, 2019 4:47:30 PM null
INFO: Creating subclass and redefining methods for "[class fr.unice.polytech.si4.isa.devops.teami.entities.guests.Person, class fr.unice.polytech.si4.isa.devops.teami.entities.invitations.StudentInvitation, class fr.unice.polytech.si4.isa.devops.teami.entities.school.Speciality, class fr.unice.polytech.si4.isa.devops.teami.entities.events.StudentEvent, class fr.unice.polytech.si4.isa.devops.teami.entities.ceremony.Planning, class fr.unice.polytech.si4.isa.devops.teami.entities.guests.Student, class fr.unice.polytech.si4.isa.devops.teami.entities.events.ClubEvent, class fr.unice.polytech.si4.isa.devops.teami.entities.events.VipEvent, class fr.unice.polytech.si4.isa.devops.teami.entities.guests.Attendant, class fr.unice.polytech.si4.isa.devops.teami.entities.school.Bill, class fr.unice.polytech.si4.isa.devops.teami.entities.guests.Vip, class fr.unice.polytech.si4.isa.devops.teami.entities.events.Event, class fr.unice.polytech.si4.isa.devops.teami.entities.ceremony.Ceremony, class fr.unice.polytech.si4.isa.devops.teami.entities.invitations.VIPInvitation, class fr.unice.polytech.si4.isa.devops.teami.entities.school.Club]". This means that your application will be less efficient than it would if you ran the OpenJPA enhancer.
Apr 16, 2019 4:47:32 PM org.apache.openejb.assembler.classic.Assembler destroyApplication
INFO: Undeploying app: /tmp/arquillian-tomee-app-working-dir/0/d5a1b709-ee86-423d-98b1-ce20ca01c5a3
[ThreadedStreamConsumer] ERROR org.apache.maven.plugin.surefire.SurefirePlugin - Tests run: 1, Failures: 0, Errors: 1, Skipped: 0, Time elapsed: 27.469 s <<< FAILURE! - in fr.unice.polytech.si4.isa.devops.teami.entities.guests.VipTest
[ThreadedStreamConsumer] ERROR org.apache.maven.plugin.surefire.SurefirePlugin - VIPPersistence(fr.unice.polytech.si4.isa.devops.teami.entities.guests.VipTest)  Time elapsed: 6.996 s  <<< ERROR!
org.apache.openjpa.persistence.PersistenceException
	at fr.unice.polytech.si4.isa.devops.teami.entities.guests.VipTest.VIPPersistence(VipTest.java:20)
Caused by: java.lang.reflect.InvocationTargetException
	at fr.unice.polytech.si4.isa.devops.teami.entities.guests.VipTest.VIPPersistence(VipTest.java:20)
Caused by: java.lang.UnsupportedOperationException: class redefinition failed: attempted to change the schema (add/remove fields)
	at fr.unice.polytech.si4.isa.devops.teami.entities.guests.VipTest.VIPPersistence(VipTest.java:20)

[ThreadedStreamConsumer] INFO org.apache.maven.plugin.surefire.SurefirePlugin - Running fr.unice.polytech.si4.isa.devops.teami.entities.guests.StudentTest
Apr 16, 2019 4:47:32 PM org.apache.openejb.util.JarExtractor extract
INFO: Extracting jar: /tmp/arquillian-tomee-app-working-dir/0/7ba1a8df-fb17-4d56-a068-0c5b0b1062d6.war
Apr 16, 2019 4:47:32 PM org.apache.openejb.util.JarExtractor extract
INFO: Extracted path: /tmp/arquillian-tomee-app-working-dir/0/7ba1a8df-fb17-4d56-a068-0c5b0b1062d6
Apr 16, 2019 4:47:32 PM org.apache.tomee.catalina.TomcatWebAppBuilder deployWebApps
INFO: using default host: localhost
Apr 16, 2019 4:47:32 PM org.apache.tomee.catalina.TomcatWebAppBuilder init
INFO: ------------------------- localhost -> /7ba1a8df-fb17-4d56-a068-0c5b0b1062d6
Apr 16, 2019 4:47:32 PM org.apache.openejb.util.OptionsLog info
INFO: Using 'openejb.session.manager=org.apache.tomee.catalina.session.QuickSessionManager'
Apr 16, 2019 4:47:32 PM org.apache.openejb.config.ConfigurationFactory configureApplication
INFO: Configuring enterprise application: /tmp/arquillian-tomee-app-working-dir/0/7ba1a8df-fb17-4d56-a068-0c5b0b1062d6
Apr 16, 2019 4:47:32 PM org.apache.openejb.config.AutoConfig deploy
INFO: Configuring PersistenceUnit(name=entities_persistence_unit)
Apr 16, 2019 4:47:32 PM org.apache.openejb.config.AutoConfig setJtaDataSource
INFO: Adjusting PersistenceUnit entities_persistence_unit <jta-data-source> to Resource ID 'Default JDBC Database' from 'PolydiplomaDataSource'
Apr 16, 2019 4:47:32 PM org.apache.openejb.config.AutoConfig setNonJtaDataSource
INFO: Adjusting PersistenceUnit entities_persistence_unit <non-jta-data-source> to Resource ID 'Default Unmanaged JDBC Database' from 'null'
Apr 16, 2019 4:47:32 PM org.apache.openejb.config.ReportValidationResults logResults
WARNING: WARN ... WebModule{moduleId='7ba1a8df-fb17-4d56-a068-0c5b0b1062d6', contextRoot='7ba1a8df-fb17-4d56-a068-0c5b0b1062d6'}:	Incorrect location of file file:/tmp/arquillian-tomee-app-working-dir/0/7ba1a8df-fb17-4d56-a068-0c5b0b1062d6/META-INF/beans.xml The file should be in WEB-INF directory
Apr 16, 2019 4:47:33 PM org.apache.openejb.config.ReportValidationResults logResults
WARNING: 1 warning for WebModule(path=7ba1a8df-fb17-4d56-a068-0c5b0b1062d6)
Apr 16, 2019 4:47:33 PM org.apache.openejb.config.AppInfoBuilder build
INFO: Enterprise application "/tmp/arquillian-tomee-app-working-dir/0/7ba1a8df-fb17-4d56-a068-0c5b0b1062d6" loaded.
Apr 16, 2019 4:47:33 PM org.apache.openejb.assembler.classic.Assembler createApplication
INFO: Assembling app: /tmp/arquillian-tomee-app-working-dir/0/7ba1a8df-fb17-4d56-a068-0c5b0b1062d6
Apr 16, 2019 4:47:33 PM null
INFO: OpenJPA dynamically loaded a validation provider.
Apr 16, 2019 4:47:33 PM org.apache.openejb.assembler.classic.ReloadableEntityManagerFactory createDelegate
INFO: PersistenceUnit(name=entities_persistence_unit, provider=org.apache.openjpa.persistence.PersistenceProviderImpl) - provider time 53ms
Apr 16, 2019 4:47:33 PM org.apache.openejb.assembler.classic.Assembler createApplication
INFO: Deployed Application(path=/tmp/arquillian-tomee-app-working-dir/0/7ba1a8df-fb17-4d56-a068-0c5b0b1062d6)
Apr 16, 2019 4:47:33 PM org.apache.jasper.servlet.TldScanner scanJars
INFO: At least one JAR was scanned for TLDs yet contained no TLDs. Enable debug logging for this logger for a complete list of JARs that were scanned but no TLDs were found in them. Skipping unneeded JARs during scanning can improve startup time and JSP compilation time.
Apr 16, 2019 4:47:33 PM null
INFO: Starting OpenJPA 2.4.1
Apr 16, 2019 4:47:33 PM null
INFO: Using dictionary class "org.apache.openjpa.jdbc.sql.HSQLDictionary" (HSQL Database Engine 2.3.2 ,HSQL Database Engine Driver 2.3.2).
Apr 16, 2019 4:47:33 PM null
INFO: Connected to HSQL Database Engine version 2.2 using JDBC driver HSQL Database Engine Driver version 2.3.2. 
Apr 16, 2019 4:47:33 PM null
INFO: Creating subclass and redefining methods for "[class fr.unice.polytech.si4.isa.devops.teami.entities.guests.Person, class fr.unice.polytech.si4.isa.devops.teami.entities.invitations.StudentInvitation, class fr.unice.polytech.si4.isa.devops.teami.entities.school.Speciality, class fr.unice.polytech.si4.isa.devops.teami.entities.events.StudentEvent, class fr.unice.polytech.si4.isa.devops.teami.entities.ceremony.Planning, class fr.unice.polytech.si4.isa.devops.teami.entities.guests.Student, class fr.unice.polytech.si4.isa.devops.teami.entities.events.ClubEvent, class fr.unice.polytech.si4.isa.devops.teami.entities.events.VipEvent, class fr.unice.polytech.si4.isa.devops.teami.entities.guests.Attendant, class fr.unice.polytech.si4.isa.devops.teami.entities.school.Bill, class fr.unice.polytech.si4.isa.devops.teami.entities.guests.Vip, class fr.unice.polytech.si4.isa.devops.teami.entities.events.Event, class fr.unice.polytech.si4.isa.devops.teami.entities.ceremony.Ceremony, class fr.unice.polytech.si4.isa.devops.teami.entities.invitations.VIPInvitation, class fr.unice.polytech.si4.isa.devops.teami.entities.school.Club]". This means that your application will be less efficient than it would if you ran the OpenJPA enhancer.
Apr 16, 2019 4:47:34 PM org.apache.openejb.assembler.classic.Assembler destroyApplication
INFO: Undeploying app: /tmp/arquillian-tomee-app-working-dir/0/7ba1a8df-fb17-4d56-a068-0c5b0b1062d6
[ThreadedStreamConsumer] ERROR org.apache.maven.plugin.surefire.SurefirePlugin - Tests run: 1, Failures: 0, Errors: 1, Skipped: 0, Time elapsed: 1.818 s <<< FAILURE! - in fr.unice.polytech.si4.isa.devops.teami.entities.guests.StudentTest
[ThreadedStreamConsumer] ERROR org.apache.maven.plugin.surefire.SurefirePlugin - StudentPersistence(fr.unice.polytech.si4.isa.devops.teami.entities.guests.StudentTest)  Time elapsed: 1.024 s  <<< ERROR!
org.apache.openjpa.persistence.PersistenceException
	at fr.unice.polytech.si4.isa.devops.teami.entities.guests.StudentTest.StudentPersistence(StudentTest.java:20)
Caused by: java.lang.reflect.InvocationTargetException
	at fr.unice.polytech.si4.isa.devops.teami.entities.guests.StudentTest.StudentPersistence(StudentTest.java:20)
Caused by: java.lang.UnsupportedOperationException: class redefinition failed: attempted to change the schema (add/remove fields)
	at fr.unice.polytech.si4.isa.devops.teami.entities.guests.StudentTest.StudentPersistence(StudentTest.java:20)

[ThreadedStreamConsumer] INFO org.apache.maven.plugin.surefire.SurefirePlugin - Running fr.unice.polytech.si4.isa.devops.teami.entities.guests.AttendantTest
Apr 16, 2019 4:47:34 PM org.apache.openejb.util.JarExtractor extract
INFO: Extracting jar: /tmp/arquillian-tomee-app-working-dir/0/b2c3e8d6-f299-4f97-aac1-dd6175025d31.war
Apr 16, 2019 4:47:34 PM org.apache.openejb.util.JarExtractor extract
INFO: Extracted path: /tmp/arquillian-tomee-app-working-dir/0/b2c3e8d6-f299-4f97-aac1-dd6175025d31
Apr 16, 2019 4:47:34 PM org.apache.tomee.catalina.TomcatWebAppBuilder deployWebApps
INFO: using default host: localhost
Apr 16, 2019 4:47:34 PM org.apache.tomee.catalina.TomcatWebAppBuilder init
INFO: ------------------------- localhost -> /b2c3e8d6-f299-4f97-aac1-dd6175025d31
Apr 16, 2019 4:47:34 PM org.apache.openejb.util.OptionsLog info
INFO: Using 'openejb.session.manager=org.apache.tomee.catalina.session.QuickSessionManager'
Apr 16, 2019 4:47:34 PM org.apache.openejb.config.ConfigurationFactory configureApplication
INFO: Configuring enterprise application: /tmp/arquillian-tomee-app-working-dir/0/b2c3e8d6-f299-4f97-aac1-dd6175025d31
Apr 16, 2019 4:47:34 PM org.apache.openejb.config.AutoConfig deploy
INFO: Configuring PersistenceUnit(name=entities_persistence_unit)
Apr 16, 2019 4:47:34 PM org.apache.openejb.config.AutoConfig setJtaDataSource
INFO: Adjusting PersistenceUnit entities_persistence_unit <jta-data-source> to Resource ID 'Default JDBC Database' from 'PolydiplomaDataSource'
Apr 16, 2019 4:47:34 PM org.apache.openejb.config.AutoConfig setNonJtaDataSource
INFO: Adjusting PersistenceUnit entities_persistence_unit <non-jta-data-source> to Resource ID 'Default Unmanaged JDBC Database' from 'null'
Apr 16, 2019 4:47:34 PM org.apache.openejb.config.ReportValidationResults logResults
WARNING: WARN ... WebModule{moduleId='b2c3e8d6-f299-4f97-aac1-dd6175025d31', contextRoot='b2c3e8d6-f299-4f97-aac1-dd6175025d31'}:	Incorrect location of file file:/tmp/arquillian-tomee-app-working-dir/0/b2c3e8d6-f299-4f97-aac1-dd6175025d31/META-INF/beans.xml The file should be in WEB-INF directory
Apr 16, 2019 4:47:34 PM org.apache.openejb.config.ReportValidationResults logResults
WARNING: 1 warning for WebModule(path=b2c3e8d6-f299-4f97-aac1-dd6175025d31)
Apr 16, 2019 4:47:34 PM org.apache.openejb.config.AppInfoBuilder build
INFO: Enterprise application "/tmp/arquillian-tomee-app-working-dir/0/b2c3e8d6-f299-4f97-aac1-dd6175025d31" loaded.
Apr 16, 2019 4:47:34 PM org.apache.openejb.assembler.classic.Assembler createApplication
INFO: Assembling app: /tmp/arquillian-tomee-app-working-dir/0/b2c3e8d6-f299-4f97-aac1-dd6175025d31
Apr 16, 2019 4:47:34 PM null
INFO: OpenJPA dynamically loaded a validation provider.
Apr 16, 2019 4:47:34 PM org.apache.openejb.assembler.classic.ReloadableEntityManagerFactory createDelegate
INFO: PersistenceUnit(name=entities_persistence_unit, provider=org.apache.openjpa.persistence.PersistenceProviderImpl) - provider time 45ms
Apr 16, 2019 4:47:35 PM org.apache.openejb.assembler.classic.Assembler createApplication
INFO: Deployed Application(path=/tmp/arquillian-tomee-app-working-dir/0/b2c3e8d6-f299-4f97-aac1-dd6175025d31)
Apr 16, 2019 4:47:35 PM org.apache.jasper.servlet.TldScanner scanJars
INFO: At least one JAR was scanned for TLDs yet contained no TLDs. Enable debug logging for this logger for a complete list of JARs that were scanned but no TLDs were found in them. Skipping unneeded JARs during scanning can improve startup time and JSP compilation time.
Apr 16, 2019 4:47:35 PM null
INFO: Starting OpenJPA 2.4.1
Apr 16, 2019 4:47:35 PM null
INFO: Using dictionary class "org.apache.openjpa.jdbc.sql.HSQLDictionary" (HSQL Database Engine 2.3.2 ,HSQL Database Engine Driver 2.3.2).
Apr 16, 2019 4:47:35 PM null
INFO: Connected to HSQL Database Engine version 2.2 using JDBC driver HSQL Database Engine Driver version 2.3.2. 
Apr 16, 2019 4:47:35 PM null
INFO: Creating subclass and redefining methods for "[class fr.unice.polytech.si4.isa.devops.teami.entities.guests.Person, class fr.unice.polytech.si4.isa.devops.teami.entities.invitations.StudentInvitation, class fr.unice.polytech.si4.isa.devops.teami.entities.school.Speciality, class fr.unice.polytech.si4.isa.devops.teami.entities.events.StudentEvent, class fr.unice.polytech.si4.isa.devops.teami.entities.ceremony.Planning, class fr.unice.polytech.si4.isa.devops.teami.entities.guests.Student, class fr.unice.polytech.si4.isa.devops.teami.entities.events.ClubEvent, class fr.unice.polytech.si4.isa.devops.teami.entities.events.VipEvent, class fr.unice.polytech.si4.isa.devops.teami.entities.guests.Attendant, class fr.unice.polytech.si4.isa.devops.teami.entities.school.Bill, class fr.unice.polytech.si4.isa.devops.teami.entities.guests.Vip, class fr.unice.polytech.si4.isa.devops.teami.entities.events.Event, class fr.unice.polytech.si4.isa.devops.teami.entities.ceremony.Ceremony, class fr.unice.polytech.si4.isa.devops.teami.entities.invitations.VIPInvitation, class fr.unice.polytech.si4.isa.devops.teami.entities.school.Club]". This means that your application will be less efficient than it would if you ran the OpenJPA enhancer.
Apr 16, 2019 4:47:36 PM org.apache.openejb.assembler.classic.Assembler destroyApplication
INFO: Undeploying app: /tmp/arquillian-tomee-app-working-dir/0/b2c3e8d6-f299-4f97-aac1-dd6175025d31
[ThreadedStreamConsumer] ERROR org.apache.maven.plugin.surefire.SurefirePlugin - Tests run: 1, Failures: 0, Errors: 1, Skipped: 0, Time elapsed: 1.477 s <<< FAILURE! - in fr.unice.polytech.si4.isa.devops.teami.entities.guests.AttendantTest
[ThreadedStreamConsumer] ERROR org.apache.maven.plugin.surefire.SurefirePlugin - AttendantPersistence(fr.unice.polytech.si4.isa.devops.teami.entities.guests.AttendantTest)  Time elapsed: 0.784 s  <<< ERROR!
org.apache.openjpa.persistence.PersistenceException
	at fr.unice.polytech.si4.isa.devops.teami.entities.guests.AttendantTest.AttendantPersistence(AttendantTest.java:20)
Caused by: java.lang.reflect.InvocationTargetException
	at fr.unice.polytech.si4.isa.devops.teami.entities.guests.AttendantTest.AttendantPersistence(AttendantTest.java:20)
Caused by: java.lang.UnsupportedOperationException: class redefinition failed: attempted to change the schema (add/remove fields)
	at fr.unice.polytech.si4.isa.devops.teami.entities.guests.AttendantTest.AttendantPersistence(AttendantTest.java:20)

[ThreadedStreamConsumer] INFO org.apache.maven.plugin.surefire.SurefirePlugin - Running fr.unice.polytech.si4.isa.devops.teami.entities.school.SpecialityTest
Apr 16, 2019 4:47:36 PM org.apache.openejb.util.JarExtractor extract
INFO: Extracting jar: /tmp/arquillian-tomee-app-working-dir/0/0655aca8-ed1f-4e03-8d2b-732556b44a15.war
Apr 16, 2019 4:47:36 PM org.apache.openejb.util.JarExtractor extract
INFO: Extracted path: /tmp/arquillian-tomee-app-working-dir/0/0655aca8-ed1f-4e03-8d2b-732556b44a15
Apr 16, 2019 4:47:36 PM org.apache.tomee.catalina.TomcatWebAppBuilder deployWebApps
INFO: using default host: localhost
Apr 16, 2019 4:47:36 PM org.apache.tomee.catalina.TomcatWebAppBuilder init
INFO: ------------------------- localhost -> /0655aca8-ed1f-4e03-8d2b-732556b44a15
Apr 16, 2019 4:47:36 PM org.apache.openejb.util.OptionsLog info
INFO: Using 'openejb.session.manager=org.apache.tomee.catalina.session.QuickSessionManager'
Apr 16, 2019 4:47:36 PM org.apache.openejb.config.ConfigurationFactory configureApplication
INFO: Configuring enterprise application: /tmp/arquillian-tomee-app-working-dir/0/0655aca8-ed1f-4e03-8d2b-732556b44a15
Apr 16, 2019 4:47:36 PM org.apache.openejb.config.AutoConfig deploy
INFO: Configuring PersistenceUnit(name=entities_persistence_unit)
Apr 16, 2019 4:47:36 PM org.apache.openejb.config.AutoConfig setJtaDataSource
INFO: Adjusting PersistenceUnit entities_persistence_unit <jta-data-source> to Resource ID 'Default JDBC Database' from 'PolydiplomaDataSource'
Apr 16, 2019 4:47:36 PM org.apache.openejb.config.AutoConfig setNonJtaDataSource
INFO: Adjusting PersistenceUnit entities_persistence_unit <non-jta-data-source> to Resource ID 'Default Unmanaged JDBC Database' from 'null'
Apr 16, 2019 4:47:36 PM org.apache.openejb.config.ReportValidationResults logResults
WARNING: WARN ... WebModule{moduleId='0655aca8-ed1f-4e03-8d2b-732556b44a15', contextRoot='0655aca8-ed1f-4e03-8d2b-732556b44a15'}:	Incorrect location of file file:/tmp/arquillian-tomee-app-working-dir/0/0655aca8-ed1f-4e03-8d2b-732556b44a15/META-INF/beans.xml The file should be in WEB-INF directory
Apr 16, 2019 4:47:36 PM org.apache.openejb.config.ReportValidationResults logResults
WARNING: 1 warning for WebModule(path=0655aca8-ed1f-4e03-8d2b-732556b44a15)
Apr 16, 2019 4:47:36 PM org.apache.openejb.config.AppInfoBuilder build
INFO: Enterprise application "/tmp/arquillian-tomee-app-working-dir/0/0655aca8-ed1f-4e03-8d2b-732556b44a15" loaded.
Apr 16, 2019 4:47:36 PM org.apache.openejb.assembler.classic.Assembler createApplication
INFO: Assembling app: /tmp/arquillian-tomee-app-working-dir/0/0655aca8-ed1f-4e03-8d2b-732556b44a15
Apr 16, 2019 4:47:36 PM null
INFO: OpenJPA dynamically loaded a validation provider.
Apr 16, 2019 4:47:36 PM org.apache.openejb.assembler.classic.ReloadableEntityManagerFactory createDelegate
INFO: PersistenceUnit(name=entities_persistence_unit, provider=org.apache.openjpa.persistence.PersistenceProviderImpl) - provider time 37ms
Apr 16, 2019 4:47:36 PM org.apache.openejb.assembler.classic.Assembler createApplication
INFO: Deployed Application(path=/tmp/arquillian-tomee-app-working-dir/0/0655aca8-ed1f-4e03-8d2b-732556b44a15)
Apr 16, 2019 4:47:36 PM org.apache.jasper.servlet.TldScanner scanJars
INFO: At least one JAR was scanned for TLDs yet contained no TLDs. Enable debug logging for this logger for a complete list of JARs that were scanned but no TLDs were found in them. Skipping unneeded JARs during scanning can improve startup time and JSP compilation time.
Apr 16, 2019 4:47:36 PM null
INFO: Starting OpenJPA 2.4.1
Apr 16, 2019 4:47:36 PM null
INFO: Using dictionary class "org.apache.openjpa.jdbc.sql.HSQLDictionary" (HSQL Database Engine 2.3.2 ,HSQL Database Engine Driver 2.3.2).
Apr 16, 2019 4:47:36 PM null
INFO: Connected to HSQL Database Engine version 2.2 using JDBC driver HSQL Database Engine Driver version 2.3.2. 
Apr 16, 2019 4:47:37 PM null
INFO: Creating subclass and redefining methods for "[class fr.unice.polytech.si4.isa.devops.teami.entities.guests.Person, class fr.unice.polytech.si4.isa.devops.teami.entities.invitations.StudentInvitation, class fr.unice.polytech.si4.isa.devops.teami.entities.school.Speciality, class fr.unice.polytech.si4.isa.devops.teami.entities.events.StudentEvent, class fr.unice.polytech.si4.isa.devops.teami.entities.ceremony.Planning, class fr.unice.polytech.si4.isa.devops.teami.entities.guests.Student, class fr.unice.polytech.si4.isa.devops.teami.entities.events.ClubEvent, class fr.unice.polytech.si4.isa.devops.teami.entities.events.VipEvent, class fr.unice.polytech.si4.isa.devops.teami.entities.guests.Attendant, class fr.unice.polytech.si4.isa.devops.teami.entities.school.Bill, class fr.unice.polytech.si4.isa.devops.teami.entities.guests.Vip, class fr.unice.polytech.si4.isa.devops.teami.entities.events.Event, class fr.unice.polytech.si4.isa.devops.teami.entities.ceremony.Ceremony, class fr.unice.polytech.si4.isa.devops.teami.entities.invitations.VIPInvitation, class fr.unice.polytech.si4.isa.devops.teami.entities.school.Club]". This means that your application will be less efficient than it would if you ran the OpenJPA enhancer.
Apr 16, 2019 4:47:37 PM org.apache.openejb.assembler.classic.Assembler destroyApplication
INFO: Undeploying app: /tmp/arquillian-tomee-app-working-dir/0/0655aca8-ed1f-4e03-8d2b-732556b44a15
[ThreadedStreamConsumer] ERROR org.apache.maven.plugin.surefire.SurefirePlugin - Tests run: 1, Failures: 0, Errors: 1, Skipped: 0, Time elapsed: 1.535 s <<< FAILURE! - in fr.unice.polytech.si4.isa.devops.teami.entities.school.SpecialityTest
[ThreadedStreamConsumer] ERROR org.apache.maven.plugin.surefire.SurefirePlugin - SpecialityPersistence(fr.unice.polytech.si4.isa.devops.teami.entities.school.SpecialityTest)  Time elapsed: 0.781 s  <<< ERROR!
org.apache.openjpa.persistence.PersistenceException
	at fr.unice.polytech.si4.isa.devops.teami.entities.school.SpecialityTest.SpecialityPersistence(SpecialityTest.java:19)
Caused by: java.lang.reflect.InvocationTargetException
	at fr.unice.polytech.si4.isa.devops.teami.entities.school.SpecialityTest.SpecialityPersistence(SpecialityTest.java:19)
Caused by: java.lang.UnsupportedOperationException: class redefinition failed: attempted to change the schema (add/remove fields)
	at fr.unice.polytech.si4.isa.devops.teami.entities.school.SpecialityTest.SpecialityPersistence(SpecialityTest.java:19)

[ThreadedStreamConsumer] INFO org.apache.maven.plugin.surefire.SurefirePlugin - Running fr.unice.polytech.si4.isa.devops.teami.entities.school.ClubTest
Apr 16, 2019 4:47:37 PM org.apache.openejb.util.JarExtractor extract
INFO: Extracting jar: /tmp/arquillian-tomee-app-working-dir/0/c54992dd-4c51-49b5-a26e-5550b2fcf31f.war
Apr 16, 2019 4:47:37 PM org.apache.openejb.util.JarExtractor extract
INFO: Extracted path: /tmp/arquillian-tomee-app-working-dir/0/c54992dd-4c51-49b5-a26e-5550b2fcf31f
Apr 16, 2019 4:47:37 PM org.apache.tomee.catalina.TomcatWebAppBuilder deployWebApps
INFO: using default host: localhost
Apr 16, 2019 4:47:37 PM org.apache.tomee.catalina.TomcatWebAppBuilder init
INFO: ------------------------- localhost -> /c54992dd-4c51-49b5-a26e-5550b2fcf31f
Apr 16, 2019 4:47:37 PM org.apache.openejb.util.OptionsLog info
INFO: Using 'openejb.session.manager=org.apache.tomee.catalina.session.QuickSessionManager'
Apr 16, 2019 4:47:37 PM org.apache.openejb.config.ConfigurationFactory configureApplication
INFO: Configuring enterprise application: /tmp/arquillian-tomee-app-working-dir/0/c54992dd-4c51-49b5-a26e-5550b2fcf31f
Apr 16, 2019 4:47:38 PM org.apache.openejb.config.AutoConfig deploy
INFO: Configuring PersistenceUnit(name=entities_persistence_unit)
Apr 16, 2019 4:47:38 PM org.apache.openejb.config.AutoConfig setJtaDataSource
INFO: Adjusting PersistenceUnit entities_persistence_unit <jta-data-source> to Resource ID 'Default JDBC Database' from 'PolydiplomaDataSource'
Apr 16, 2019 4:47:38 PM org.apache.openejb.config.AutoConfig setNonJtaDataSource
INFO: Adjusting PersistenceUnit entities_persistence_unit <non-jta-data-source> to Resource ID 'Default Unmanaged JDBC Database' from 'null'
Apr 16, 2019 4:47:38 PM org.apache.openejb.config.ReportValidationResults logResults
WARNING: WARN ... WebModule{moduleId='c54992dd-4c51-49b5-a26e-5550b2fcf31f', contextRoot='c54992dd-4c51-49b5-a26e-5550b2fcf31f'}:	Incorrect location of file file:/tmp/arquillian-tomee-app-working-dir/0/c54992dd-4c51-49b5-a26e-5550b2fcf31f/META-INF/beans.xml The file should be in WEB-INF directory
Apr 16, 2019 4:47:38 PM org.apache.openejb.config.ReportValidationResults logResults
WARNING: 1 warning for WebModule(path=c54992dd-4c51-49b5-a26e-5550b2fcf31f)
Apr 16, 2019 4:47:38 PM org.apache.openejb.config.AppInfoBuilder build
INFO: Enterprise application "/tmp/arquillian-tomee-app-working-dir/0/c54992dd-4c51-49b5-a26e-5550b2fcf31f" loaded.
Apr 16, 2019 4:47:38 PM org.apache.openejb.assembler.classic.Assembler createApplication
INFO: Assembling app: /tmp/arquillian-tomee-app-working-dir/0/c54992dd-4c51-49b5-a26e-5550b2fcf31f
Apr 16, 2019 4:47:38 PM null
INFO: OpenJPA dynamically loaded a validation provider.
Apr 16, 2019 4:47:38 PM org.apache.openejb.assembler.classic.ReloadableEntityManagerFactory createDelegate
INFO: PersistenceUnit(name=entities_persistence_unit, provider=org.apache.openjpa.persistence.PersistenceProviderImpl) - provider time 32ms
Apr 16, 2019 4:47:38 PM org.apache.openejb.assembler.classic.Assembler createApplication
INFO: Deployed Application(path=/tmp/arquillian-tomee-app-working-dir/0/c54992dd-4c51-49b5-a26e-5550b2fcf31f)
Apr 16, 2019 4:47:38 PM org.apache.jasper.servlet.TldScanner scanJars
INFO: At least one JAR was scanned for TLDs yet contained no TLDs. Enable debug logging for this logger for a complete list of JARs that were scanned but no TLDs were found in them. Skipping unneeded JARs during scanning can improve startup time and JSP compilation time.
Apr 16, 2019 4:47:38 PM null
INFO: Starting OpenJPA 2.4.1
Apr 16, 2019 4:47:38 PM null
INFO: Using dictionary class "org.apache.openjpa.jdbc.sql.HSQLDictionary" (HSQL Database Engine 2.3.2 ,HSQL Database Engine Driver 2.3.2).
Apr 16, 2019 4:47:38 PM null
INFO: Connected to HSQL Database Engine version 2.2 using JDBC driver HSQL Database Engine Driver version 2.3.2. 
Apr 16, 2019 4:47:38 PM null
INFO: Creating subclass and redefining methods for "[class fr.unice.polytech.si4.isa.devops.teami.entities.guests.Person, class fr.unice.polytech.si4.isa.devops.teami.entities.invitations.StudentInvitation, class fr.unice.polytech.si4.isa.devops.teami.entities.school.Speciality, class fr.unice.polytech.si4.isa.devops.teami.entities.events.StudentEvent, class fr.unice.polytech.si4.isa.devops.teami.entities.ceremony.Planning, class fr.unice.polytech.si4.isa.devops.teami.entities.guests.Student, class fr.unice.polytech.si4.isa.devops.teami.entities.events.ClubEvent, class fr.unice.polytech.si4.isa.devops.teami.entities.events.VipEvent, class fr.unice.polytech.si4.isa.devops.teami.entities.guests.Attendant, class fr.unice.polytech.si4.isa.devops.teami.entities.school.Bill, class fr.unice.polytech.si4.isa.devops.teami.entities.guests.Vip, class fr.unice.polytech.si4.isa.devops.teami.entities.events.Event, class fr.unice.polytech.si4.isa.devops.teami.entities.ceremony.Ceremony, class fr.unice.polytech.si4.isa.devops.teami.entities.invitations.VIPInvitation, class fr.unice.polytech.si4.isa.devops.teami.entities.school.Club]". This means that your application will be less efficient than it would if you ran the OpenJPA enhancer.
Apr 16, 2019 4:47:39 PM org.apache.openejb.assembler.classic.Assembler destroyApplication
INFO: Undeploying app: /tmp/arquillian-tomee-app-working-dir/0/c54992dd-4c51-49b5-a26e-5550b2fcf31f
[ThreadedStreamConsumer] ERROR org.apache.maven.plugin.surefire.SurefirePlugin - Tests run: 1, Failures: 0, Errors: 1, Skipped: 0, Time elapsed: 1.391 s <<< FAILURE! - in fr.unice.polytech.si4.isa.devops.teami.entities.school.ClubTest
[ThreadedStreamConsumer] ERROR org.apache.maven.plugin.surefire.SurefirePlugin - ClubPersistence(fr.unice.polytech.si4.isa.devops.teami.entities.school.ClubTest)  Time elapsed: 0.746 s  <<< ERROR!
org.apache.openjpa.persistence.PersistenceException
	at fr.unice.polytech.si4.isa.devops.teami.entities.school.ClubTest.ClubPersistence(ClubTest.java:19)
Caused by: java.lang.reflect.InvocationTargetException
	at fr.unice.polytech.si4.isa.devops.teami.entities.school.ClubTest.ClubPersistence(ClubTest.java:19)
Caused by: java.lang.UnsupportedOperationException: class redefinition failed: attempted to change the schema (add/remove fields)
	at fr.unice.polytech.si4.isa.devops.teami.entities.school.ClubTest.ClubPersistence(ClubTest.java:19)

[ThreadedStreamConsumer] INFO org.apache.maven.plugin.surefire.SurefirePlugin - Running fr.unice.polytech.si4.isa.devops.teami.entities.school.BillTest
Apr 16, 2019 4:47:39 PM org.apache.openejb.util.JarExtractor extract
INFO: Extracting jar: /tmp/arquillian-tomee-app-working-dir/0/8e29ec2d-bbc4-4fa4-a13a-971b12fc05e6.war
Apr 16, 2019 4:47:39 PM org.apache.openejb.util.JarExtractor extract
INFO: Extracted path: /tmp/arquillian-tomee-app-working-dir/0/8e29ec2d-bbc4-4fa4-a13a-971b12fc05e6
Apr 16, 2019 4:47:39 PM org.apache.tomee.catalina.TomcatWebAppBuilder deployWebApps
INFO: using default host: localhost
Apr 16, 2019 4:47:39 PM org.apache.tomee.catalina.TomcatWebAppBuilder init
INFO: ------------------------- localhost -> /8e29ec2d-bbc4-4fa4-a13a-971b12fc05e6
Apr 16, 2019 4:47:39 PM org.apache.openejb.util.OptionsLog info
INFO: Using 'openejb.session.manager=org.apache.tomee.catalina.session.QuickSessionManager'
Apr 16, 2019 4:47:39 PM org.apache.openejb.config.ConfigurationFactory configureApplication
INFO: Configuring enterprise application: /tmp/arquillian-tomee-app-working-dir/0/8e29ec2d-bbc4-4fa4-a13a-971b12fc05e6
Apr 16, 2019 4:47:39 PM org.apache.openejb.config.AutoConfig deploy
INFO: Configuring PersistenceUnit(name=entities_persistence_unit)
Apr 16, 2019 4:47:39 PM org.apache.openejb.config.AutoConfig setJtaDataSource
INFO: Adjusting PersistenceUnit entities_persistence_unit <jta-data-source> to Resource ID 'Default JDBC Database' from 'PolydiplomaDataSource'
Apr 16, 2019 4:47:39 PM org.apache.openejb.config.AutoConfig setNonJtaDataSource
INFO: Adjusting PersistenceUnit entities_persistence_unit <non-jta-data-source> to Resource ID 'Default Unmanaged JDBC Database' from 'null'
Apr 16, 2019 4:47:39 PM org.apache.openejb.config.ReportValidationResults logResults
WARNING: WARN ... WebModule{moduleId='8e29ec2d-bbc4-4fa4-a13a-971b12fc05e6', contextRoot='8e29ec2d-bbc4-4fa4-a13a-971b12fc05e6'}:	Incorrect location of file file:/tmp/arquillian-tomee-app-working-dir/0/8e29ec2d-bbc4-4fa4-a13a-971b12fc05e6/META-INF/beans.xml The file should be in WEB-INF directory
Apr 16, 2019 4:47:39 PM org.apache.openejb.config.ReportValidationResults logResults
WARNING: 1 warning for WebModule(path=8e29ec2d-bbc4-4fa4-a13a-971b12fc05e6)
Apr 16, 2019 4:47:39 PM org.apache.openejb.config.AppInfoBuilder build
INFO: Enterprise application "/tmp/arquillian-tomee-app-working-dir/0/8e29ec2d-bbc4-4fa4-a13a-971b12fc05e6" loaded.
Apr 16, 2019 4:47:39 PM org.apache.openejb.assembler.classic.Assembler createApplication
INFO: Assembling app: /tmp/arquillian-tomee-app-working-dir/0/8e29ec2d-bbc4-4fa4-a13a-971b12fc05e6
Apr 16, 2019 4:47:39 PM null
INFO: OpenJPA dynamically loaded a validation provider.
Apr 16, 2019 4:47:39 PM org.apache.openejb.assembler.classic.ReloadableEntityManagerFactory createDelegate
INFO: PersistenceUnit(name=entities_persistence_unit, provider=org.apache.openjpa.persistence.PersistenceProviderImpl) - provider time 30ms
Apr 16, 2019 4:47:39 PM org.apache.openejb.assembler.classic.Assembler createApplication
INFO: Deployed Application(path=/tmp/arquillian-tomee-app-working-dir/0/8e29ec2d-bbc4-4fa4-a13a-971b12fc05e6)
Apr 16, 2019 4:47:39 PM org.apache.jasper.servlet.TldScanner scanJars
INFO: At least one JAR was scanned for TLDs yet contained no TLDs. Enable debug logging for this logger for a complete list of JARs that were scanned but no TLDs were found in them. Skipping unneeded JARs during scanning can improve startup time and JSP compilation time.
Apr 16, 2019 4:47:39 PM null
INFO: Starting OpenJPA 2.4.1
Apr 16, 2019 4:47:39 PM null
INFO: Using dictionary class "org.apache.openjpa.jdbc.sql.HSQLDictionary" (HSQL Database Engine 2.3.2 ,HSQL Database Engine Driver 2.3.2).
Apr 16, 2019 4:47:39 PM null
INFO: Connected to HSQL Database Engine version 2.2 using JDBC driver HSQL Database Engine Driver version 2.3.2. 
Apr 16, 2019 4:47:39 PM null
INFO: Creating subclass and redefining methods for "[class fr.unice.polytech.si4.isa.devops.teami.entities.guests.Person, class fr.unice.polytech.si4.isa.devops.teami.entities.invitations.StudentInvitation, class fr.unice.polytech.si4.isa.devops.teami.entities.school.Speciality, class fr.unice.polytech.si4.isa.devops.teami.entities.events.StudentEvent, class fr.unice.polytech.si4.isa.devops.teami.entities.ceremony.Planning, class fr.unice.polytech.si4.isa.devops.teami.entities.guests.Student, class fr.unice.polytech.si4.isa.devops.teami.entities.events.ClubEvent, class fr.unice.polytech.si4.isa.devops.teami.entities.events.VipEvent, class fr.unice.polytech.si4.isa.devops.teami.entities.guests.Attendant, class fr.unice.polytech.si4.isa.devops.teami.entities.school.Bill, class fr.unice.polytech.si4.isa.devops.teami.entities.guests.Vip, class fr.unice.polytech.si4.isa.devops.teami.entities.events.Event, class fr.unice.polytech.si4.isa.devops.teami.entities.ceremony.Ceremony, class fr.unice.polytech.si4.isa.devops.teami.entities.invitations.VIPInvitation, class fr.unice.polytech.si4.isa.devops.teami.entities.school.Club]". This means that your application will be less efficient than it would if you ran the OpenJPA enhancer.
Apr 16, 2019 4:47:40 PM org.apache.openejb.assembler.classic.Assembler destroyApplication
INFO: Undeploying app: /tmp/arquillian-tomee-app-working-dir/0/8e29ec2d-bbc4-4fa4-a13a-971b12fc05e6
[ThreadedStreamConsumer] ERROR org.apache.maven.plugin.surefire.SurefirePlugin - Tests run: 1, Failures: 0, Errors: 1, Skipped: 0, Time elapsed: 1.338 s <<< FAILURE! - in fr.unice.polytech.si4.isa.devops.teami.entities.school.BillTest
[ThreadedStreamConsumer] ERROR org.apache.maven.plugin.surefire.SurefirePlugin - BillPersistence(fr.unice.polytech.si4.isa.devops.teami.entities.school.BillTest)  Time elapsed: 0.681 s  <<< ERROR!
org.apache.openjpa.persistence.PersistenceException
	at fr.unice.polytech.si4.isa.devops.teami.entities.school.BillTest.BillPersistence(BillTest.java:23)
Caused by: java.lang.reflect.InvocationTargetException
	at fr.unice.polytech.si4.isa.devops.teami.entities.school.BillTest.BillPersistence(BillTest.java:23)
Caused by: java.lang.UnsupportedOperationException: class redefinition failed: attempted to change the schema (add/remove fields)
	at fr.unice.polytech.si4.isa.devops.teami.entities.school.BillTest.BillPersistence(BillTest.java:23)

[ThreadedStreamConsumer] INFO org.apache.maven.plugin.surefire.SurefirePlugin - Running fr.unice.polytech.si4.isa.devops.teami.entities.invitations.StudentInvitationTest
Apr 16, 2019 4:47:40 PM org.apache.openejb.util.JarExtractor extract
INFO: Extracting jar: /tmp/arquillian-tomee-app-working-dir/0/bd6f2497-3b21-4819-99e8-b0b0c175934d.war
Apr 16, 2019 4:47:40 PM org.apache.openejb.util.JarExtractor extract
INFO: Extracted path: /tmp/arquillian-tomee-app-working-dir/0/bd6f2497-3b21-4819-99e8-b0b0c175934d
Apr 16, 2019 4:47:40 PM org.apache.tomee.catalina.TomcatWebAppBuilder deployWebApps
INFO: using default host: localhost
Apr 16, 2019 4:47:40 PM org.apache.tomee.catalina.TomcatWebAppBuilder init
INFO: ------------------------- localhost -> /bd6f2497-3b21-4819-99e8-b0b0c175934d
Apr 16, 2019 4:47:40 PM org.apache.openejb.util.OptionsLog info
INFO: Using 'openejb.session.manager=org.apache.tomee.catalina.session.QuickSessionManager'
Apr 16, 2019 4:47:40 PM org.apache.openejb.config.ConfigurationFactory configureApplication
INFO: Configuring enterprise application: /tmp/arquillian-tomee-app-working-dir/0/bd6f2497-3b21-4819-99e8-b0b0c175934d
Apr 16, 2019 4:47:40 PM org.apache.openejb.config.AutoConfig deploy
INFO: Configuring PersistenceUnit(name=entities_persistence_unit)
Apr 16, 2019 4:47:40 PM org.apache.openejb.config.AutoConfig setJtaDataSource
INFO: Adjusting PersistenceUnit entities_persistence_unit <jta-data-source> to Resource ID 'Default JDBC Database' from 'PolydiplomaDataSource'
Apr 16, 2019 4:47:40 PM org.apache.openejb.config.AutoConfig setNonJtaDataSource
INFO: Adjusting PersistenceUnit entities_persistence_unit <non-jta-data-source> to Resource ID 'Default Unmanaged JDBC Database' from 'null'
Apr 16, 2019 4:47:40 PM org.apache.openejb.config.ReportValidationResults logResults
WARNING: WARN ... WebModule{moduleId='bd6f2497-3b21-4819-99e8-b0b0c175934d', contextRoot='bd6f2497-3b21-4819-99e8-b0b0c175934d'}:	Incorrect location of file file:/tmp/arquillian-tomee-app-working-dir/0/bd6f2497-3b21-4819-99e8-b0b0c175934d/META-INF/beans.xml The file should be in WEB-INF directory
Apr 16, 2019 4:47:40 PM org.apache.openejb.config.ReportValidationResults logResults
WARNING: 1 warning for WebModule(path=bd6f2497-3b21-4819-99e8-b0b0c175934d)
Apr 16, 2019 4:47:40 PM org.apache.openejb.config.AppInfoBuilder build
INFO: Enterprise application "/tmp/arquillian-tomee-app-working-dir/0/bd6f2497-3b21-4819-99e8-b0b0c175934d" loaded.
Apr 16, 2019 4:47:40 PM org.apache.openejb.assembler.classic.Assembler createApplication
INFO: Assembling app: /tmp/arquillian-tomee-app-working-dir/0/bd6f2497-3b21-4819-99e8-b0b0c175934d
Apr 16, 2019 4:47:40 PM null
INFO: OpenJPA dynamically loaded a validation provider.
Apr 16, 2019 4:47:40 PM org.apache.openejb.assembler.classic.ReloadableEntityManagerFactory createDelegate
INFO: PersistenceUnit(name=entities_persistence_unit, provider=org.apache.openjpa.persistence.PersistenceProviderImpl) - provider time 38ms
Apr 16, 2019 4:47:40 PM org.apache.openejb.assembler.classic.Assembler createApplication
INFO: Deployed Application(path=/tmp/arquillian-tomee-app-working-dir/0/bd6f2497-3b21-4819-99e8-b0b0c175934d)
Apr 16, 2019 4:47:41 PM org.apache.jasper.servlet.TldScanner scanJars
INFO: At least one JAR was scanned for TLDs yet contained no TLDs. Enable debug logging for this logger for a complete list of JARs that were scanned but no TLDs were found in them. Skipping unneeded JARs during scanning can improve startup time and JSP compilation time.
Apr 16, 2019 4:47:41 PM null
INFO: Starting OpenJPA 2.4.1
Apr 16, 2019 4:47:41 PM null
INFO: Using dictionary class "org.apache.openjpa.jdbc.sql.HSQLDictionary" (HSQL Database Engine 2.3.2 ,HSQL Database Engine Driver 2.3.2).
Apr 16, 2019 4:47:41 PM null
INFO: Connected to HSQL Database Engine version 2.2 using JDBC driver HSQL Database Engine Driver version 2.3.2. 
Apr 16, 2019 4:47:41 PM null
INFO: Creating subclass and redefining methods for "[class fr.unice.polytech.si4.isa.devops.teami.entities.guests.Person, class fr.unice.polytech.si4.isa.devops.teami.entities.invitations.StudentInvitation, class fr.unice.polytech.si4.isa.devops.teami.entities.school.Speciality, class fr.unice.polytech.si4.isa.devops.teami.entities.events.StudentEvent, class fr.unice.polytech.si4.isa.devops.teami.entities.ceremony.Planning, class fr.unice.polytech.si4.isa.devops.teami.entities.guests.Student, class fr.unice.polytech.si4.isa.devops.teami.entities.events.ClubEvent, class fr.unice.polytech.si4.isa.devops.teami.entities.events.VipEvent, class fr.unice.polytech.si4.isa.devops.teami.entities.guests.Attendant, class fr.unice.polytech.si4.isa.devops.teami.entities.school.Bill, class fr.unice.polytech.si4.isa.devops.teami.entities.guests.Vip, class fr.unice.polytech.si4.isa.devops.teami.entities.events.Event, class fr.unice.polytech.si4.isa.devops.teami.entities.ceremony.Ceremony, class fr.unice.polytech.si4.isa.devops.teami.entities.invitations.VIPInvitation, class fr.unice.polytech.si4.isa.devops.teami.entities.school.Club]". This means that your application will be less efficient than it would if you ran the OpenJPA enhancer.
Apr 16, 2019 4:47:41 PM org.apache.openejb.assembler.classic.Assembler destroyApplication
INFO: Undeploying app: /tmp/arquillian-tomee-app-working-dir/0/bd6f2497-3b21-4819-99e8-b0b0c175934d
[ThreadedStreamConsumer] ERROR org.apache.maven.plugin.surefire.SurefirePlugin - Tests run: 1, Failures: 0, Errors: 1, Skipped: 0, Time elapsed: 1.383 s <<< FAILURE! - in fr.unice.polytech.si4.isa.devops.teami.entities.invitations.StudentInvitationTest
[ThreadedStreamConsumer] ERROR org.apache.maven.plugin.surefire.SurefirePlugin - StudentInvitationPersistence(fr.unice.polytech.si4.isa.devops.teami.entities.invitations.StudentInvitationTest)  Time elapsed: 0.744 s  <<< ERROR!
org.apache.openjpa.persistence.PersistenceException
	at fr.unice.polytech.si4.isa.devops.teami.entities.invitations.StudentInvitationTest.StudentInvitationPersistence(StudentInvitationTest.java:21)
Caused by: java.lang.reflect.InvocationTargetException
	at fr.unice.polytech.si4.isa.devops.teami.entities.invitations.StudentInvitationTest.StudentInvitationPersistence(StudentInvitationTest.java:21)
Caused by: java.lang.UnsupportedOperationException: class redefinition failed: attempted to change the schema (add/remove fields)
	at fr.unice.polytech.si4.isa.devops.teami.entities.invitations.StudentInvitationTest.StudentInvitationPersistence(StudentInvitationTest.java:21)

[ThreadedStreamConsumer] INFO org.apache.maven.plugin.surefire.SurefirePlugin - Running fr.unice.polytech.si4.isa.devops.teami.entities.invitations.VIPInvitationTest
Apr 16, 2019 4:47:42 PM org.apache.openejb.util.JarExtractor extract
INFO: Extracting jar: /tmp/arquillian-tomee-app-working-dir/0/44842c94-40e1-49ec-97e6-f3a11127852c.war
Apr 16, 2019 4:47:42 PM org.apache.openejb.util.JarExtractor extract
INFO: Extracted path: /tmp/arquillian-tomee-app-working-dir/0/44842c94-40e1-49ec-97e6-f3a11127852c
Apr 16, 2019 4:47:42 PM org.apache.tomee.catalina.TomcatWebAppBuilder deployWebApps
INFO: using default host: localhost
Apr 16, 2019 4:47:42 PM org.apache.tomee.catalina.TomcatWebAppBuilder init
INFO: ------------------------- localhost -> /44842c94-40e1-49ec-97e6-f3a11127852c
Apr 16, 2019 4:47:42 PM org.apache.openejb.util.OptionsLog info
INFO: Using 'openejb.session.manager=org.apache.tomee.catalina.session.QuickSessionManager'
Apr 16, 2019 4:47:42 PM org.apache.openejb.config.ConfigurationFactory configureApplication
INFO: Configuring enterprise application: /tmp/arquillian-tomee-app-working-dir/0/44842c94-40e1-49ec-97e6-f3a11127852c
Apr 16, 2019 4:47:42 PM org.apache.openejb.config.AutoConfig deploy
INFO: Configuring PersistenceUnit(name=entities_persistence_unit)
Apr 16, 2019 4:47:42 PM org.apache.openejb.config.AutoConfig setJtaDataSource
INFO: Adjusting PersistenceUnit entities_persistence_unit <jta-data-source> to Resource ID 'Default JDBC Database' from 'PolydiplomaDataSource'
Apr 16, 2019 4:47:42 PM org.apache.openejb.config.AutoConfig setNonJtaDataSource
INFO: Adjusting PersistenceUnit entities_persistence_unit <non-jta-data-source> to Resource ID 'Default Unmanaged JDBC Database' from 'null'
Apr 16, 2019 4:47:42 PM org.apache.openejb.config.ReportValidationResults logResults
WARNING: WARN ... WebModule{moduleId='44842c94-40e1-49ec-97e6-f3a11127852c', contextRoot='44842c94-40e1-49ec-97e6-f3a11127852c'}:	Incorrect location of file file:/tmp/arquillian-tomee-app-working-dir/0/44842c94-40e1-49ec-97e6-f3a11127852c/META-INF/beans.xml The file should be in WEB-INF directory
Apr 16, 2019 4:47:42 PM org.apache.openejb.config.ReportValidationResults logResults
WARNING: 1 warning for WebModule(path=44842c94-40e1-49ec-97e6-f3a11127852c)
Apr 16, 2019 4:47:42 PM org.apache.openejb.config.AppInfoBuilder build
INFO: Enterprise application "/tmp/arquillian-tomee-app-working-dir/0/44842c94-40e1-49ec-97e6-f3a11127852c" loaded.
Apr 16, 2019 4:47:42 PM org.apache.openejb.assembler.classic.Assembler createApplication
INFO: Assembling app: /tmp/arquillian-tomee-app-working-dir/0/44842c94-40e1-49ec-97e6-f3a11127852c
Apr 16, 2019 4:47:42 PM null
INFO: OpenJPA dynamically loaded a validation provider.
Apr 16, 2019 4:47:42 PM org.apache.openejb.assembler.classic.ReloadableEntityManagerFactory createDelegate
INFO: PersistenceUnit(name=entities_persistence_unit, provider=org.apache.openjpa.persistence.PersistenceProviderImpl) - provider time 70ms
Apr 16, 2019 4:47:42 PM org.apache.openejb.assembler.classic.Assembler createApplication
INFO: Deployed Application(path=/tmp/arquillian-tomee-app-working-dir/0/44842c94-40e1-49ec-97e6-f3a11127852c)
Apr 16, 2019 4:47:42 PM org.apache.jasper.servlet.TldScanner scanJars
INFO: At least one JAR was scanned for TLDs yet contained no TLDs. Enable debug logging for this logger for a complete list of JARs that were scanned but no TLDs were found in them. Skipping unneeded JARs during scanning can improve startup time and JSP compilation time.
Apr 16, 2019 4:47:42 PM null
INFO: Starting OpenJPA 2.4.1
Apr 16, 2019 4:47:42 PM null
INFO: Using dictionary class "org.apache.openjpa.jdbc.sql.HSQLDictionary" (HSQL Database Engine 2.3.2 ,HSQL Database Engine Driver 2.3.2).
Apr 16, 2019 4:47:42 PM null
INFO: Connected to HSQL Database Engine version 2.2 using JDBC driver HSQL Database Engine Driver version 2.3.2. 
Apr 16, 2019 4:47:42 PM null
INFO: Creating subclass and redefining methods for "[class fr.unice.polytech.si4.isa.devops.teami.entities.guests.Person, class fr.unice.polytech.si4.isa.devops.teami.entities.invitations.StudentInvitation, class fr.unice.polytech.si4.isa.devops.teami.entities.school.Speciality, class fr.unice.polytech.si4.isa.devops.teami.entities.events.StudentEvent, class fr.unice.polytech.si4.isa.devops.teami.entities.ceremony.Planning, class fr.unice.polytech.si4.isa.devops.teami.entities.guests.Student, class fr.unice.polytech.si4.isa.devops.teami.entities.events.ClubEvent, class fr.unice.polytech.si4.isa.devops.teami.entities.events.VipEvent, class fr.unice.polytech.si4.isa.devops.teami.entities.guests.Attendant, class fr.unice.polytech.si4.isa.devops.teami.entities.school.Bill, class fr.unice.polytech.si4.isa.devops.teami.entities.guests.Vip, class fr.unice.polytech.si4.isa.devops.teami.entities.events.Event, class fr.unice.polytech.si4.isa.devops.teami.entities.ceremony.Ceremony, class fr.unice.polytech.si4.isa.devops.teami.entities.invitations.VIPInvitation, class fr.unice.polytech.si4.isa.devops.teami.entities.school.Club]". This means that your application will be less efficient than it would if you ran the OpenJPA enhancer.
Apr 16, 2019 4:47:43 PM org.apache.openejb.assembler.classic.Assembler destroyApplication
INFO: Undeploying app: /tmp/arquillian-tomee-app-working-dir/0/44842c94-40e1-49ec-97e6-f3a11127852c
[ThreadedStreamConsumer] ERROR org.apache.maven.plugin.surefire.SurefirePlugin - Tests run: 1, Failures: 0, Errors: 1, Skipped: 0, Time elapsed: 1.295 s <<< FAILURE! - in fr.unice.polytech.si4.isa.devops.teami.entities.invitations.VIPInvitationTest
[ThreadedStreamConsumer] ERROR org.apache.maven.plugin.surefire.SurefirePlugin - VIPInvitationPersistence(fr.unice.polytech.si4.isa.devops.teami.entities.invitations.VIPInvitationTest)  Time elapsed: 0.611 s  <<< ERROR!
org.apache.openjpa.persistence.PersistenceException
	at fr.unice.polytech.si4.isa.devops.teami.entities.invitations.VIPInvitationTest.VIPInvitationPersistence(VIPInvitationTest.java:21)
Caused by: java.lang.reflect.InvocationTargetException
	at fr.unice.polytech.si4.isa.devops.teami.entities.invitations.VIPInvitationTest.VIPInvitationPersistence(VIPInvitationTest.java:21)
Caused by: java.lang.UnsupportedOperationException: class redefinition failed: attempted to change the schema (add/remove fields)
	at fr.unice.polytech.si4.isa.devops.teami.entities.invitations.VIPInvitationTest.VIPInvitationPersistence(VIPInvitationTest.java:21)

[ThreadedStreamConsumer] INFO org.apache.maven.plugin.surefire.SurefirePlugin - Running fr.unice.polytech.si4.isa.devops.teami.entities.events.StudentEventTest
Apr 16, 2019 4:47:43 PM org.apache.openejb.util.JarExtractor extract
INFO: Extracting jar: /tmp/arquillian-tomee-app-working-dir/0/49713888-8aca-4d37-81b0-91a421071565.war
Apr 16, 2019 4:47:43 PM org.apache.openejb.util.JarExtractor extract
INFO: Extracted path: /tmp/arquillian-tomee-app-working-dir/0/49713888-8aca-4d37-81b0-91a421071565
Apr 16, 2019 4:47:43 PM org.apache.tomee.catalina.TomcatWebAppBuilder deployWebApps
INFO: using default host: localhost
Apr 16, 2019 4:47:43 PM org.apache.tomee.catalina.TomcatWebAppBuilder init
INFO: ------------------------- localhost -> /49713888-8aca-4d37-81b0-91a421071565
Apr 16, 2019 4:47:43 PM org.apache.openejb.util.OptionsLog info
INFO: Using 'openejb.session.manager=org.apache.tomee.catalina.session.QuickSessionManager'
Apr 16, 2019 4:47:43 PM org.apache.openejb.config.ConfigurationFactory configureApplication
INFO: Configuring enterprise application: /tmp/arquillian-tomee-app-working-dir/0/49713888-8aca-4d37-81b0-91a421071565
Apr 16, 2019 4:47:43 PM org.apache.openejb.config.AutoConfig deploy
INFO: Configuring PersistenceUnit(name=entities_persistence_unit)
Apr 16, 2019 4:47:43 PM org.apache.openejb.config.AutoConfig setJtaDataSource
INFO: Adjusting PersistenceUnit entities_persistence_unit <jta-data-source> to Resource ID 'Default JDBC Database' from 'PolydiplomaDataSource'
Apr 16, 2019 4:47:43 PM org.apache.openejb.config.AutoConfig setNonJtaDataSource
INFO: Adjusting PersistenceUnit entities_persistence_unit <non-jta-data-source> to Resource ID 'Default Unmanaged JDBC Database' from 'null'
Apr 16, 2019 4:47:43 PM org.apache.openejb.config.ReportValidationResults logResults
WARNING: WARN ... WebModule{moduleId='49713888-8aca-4d37-81b0-91a421071565', contextRoot='49713888-8aca-4d37-81b0-91a421071565'}:	Incorrect location of file file:/tmp/arquillian-tomee-app-working-dir/0/49713888-8aca-4d37-81b0-91a421071565/META-INF/beans.xml The file should be in WEB-INF directory
Apr 16, 2019 4:47:43 PM org.apache.openejb.config.ReportValidationResults logResults
WARNING: 1 warning for WebModule(path=49713888-8aca-4d37-81b0-91a421071565)
Apr 16, 2019 4:47:43 PM org.apache.openejb.config.AppInfoBuilder build
INFO: Enterprise application "/tmp/arquillian-tomee-app-working-dir/0/49713888-8aca-4d37-81b0-91a421071565" loaded.
Apr 16, 2019 4:47:43 PM org.apache.openejb.assembler.classic.Assembler createApplication
INFO: Assembling app: /tmp/arquillian-tomee-app-working-dir/0/49713888-8aca-4d37-81b0-91a421071565
Apr 16, 2019 4:47:43 PM null
INFO: OpenJPA dynamically loaded a validation provider.
Apr 16, 2019 4:47:43 PM org.apache.openejb.assembler.classic.ReloadableEntityManagerFactory createDelegate
INFO: PersistenceUnit(name=entities_persistence_unit, provider=org.apache.openjpa.persistence.PersistenceProviderImpl) - provider time 35ms
Apr 16, 2019 4:47:43 PM org.apache.openejb.assembler.classic.Assembler createApplication
INFO: Deployed Application(path=/tmp/arquillian-tomee-app-working-dir/0/49713888-8aca-4d37-81b0-91a421071565)
Apr 16, 2019 4:47:43 PM org.apache.jasper.servlet.TldScanner scanJars
INFO: At least one JAR was scanned for TLDs yet contained no TLDs. Enable debug logging for this logger for a complete list of JARs that were scanned but no TLDs were found in them. Skipping unneeded JARs during scanning can improve startup time and JSP compilation time.
Apr 16, 2019 4:47:43 PM null
INFO: Starting OpenJPA 2.4.1
Apr 16, 2019 4:47:43 PM null
INFO: Using dictionary class "org.apache.openjpa.jdbc.sql.HSQLDictionary" (HSQL Database Engine 2.3.2 ,HSQL Database Engine Driver 2.3.2).
Apr 16, 2019 4:47:43 PM null
INFO: Connected to HSQL Database Engine version 2.2 using JDBC driver HSQL Database Engine Driver version 2.3.2. 
Apr 16, 2019 4:47:44 PM null
INFO: Creating subclass and redefining methods for "[class fr.unice.polytech.si4.isa.devops.teami.entities.guests.Person, class fr.unice.polytech.si4.isa.devops.teami.entities.invitations.StudentInvitation, class fr.unice.polytech.si4.isa.devops.teami.entities.school.Speciality, class fr.unice.polytech.si4.isa.devops.teami.entities.events.StudentEvent, class fr.unice.polytech.si4.isa.devops.teami.entities.ceremony.Planning, class fr.unice.polytech.si4.isa.devops.teami.entities.guests.Student, class fr.unice.polytech.si4.isa.devops.teami.entities.events.ClubEvent, class fr.unice.polytech.si4.isa.devops.teami.entities.events.VipEvent, class fr.unice.polytech.si4.isa.devops.teami.entities.guests.Attendant, class fr.unice.polytech.si4.isa.devops.teami.entities.school.Bill, class fr.unice.polytech.si4.isa.devops.teami.entities.guests.Vip, class fr.unice.polytech.si4.isa.devops.teami.entities.events.Event, class fr.unice.polytech.si4.isa.devops.teami.entities.ceremony.Ceremony, class fr.unice.polytech.si4.isa.devops.teami.entities.invitations.VIPInvitation, class fr.unice.polytech.si4.isa.devops.teami.entities.school.Club]". This means that your application will be less efficient than it would if you ran the OpenJPA enhancer.
Apr 16, 2019 4:47:44 PM org.apache.openejb.assembler.classic.Assembler destroyApplication
INFO: Undeploying app: /tmp/arquillian-tomee-app-working-dir/0/49713888-8aca-4d37-81b0-91a421071565
[ThreadedStreamConsumer] ERROR org.apache.maven.plugin.surefire.SurefirePlugin - Tests run: 1, Failures: 0, Errors: 1, Skipped: 0, Time elapsed: 1.428 s <<< FAILURE! - in fr.unice.polytech.si4.isa.devops.teami.entities.events.StudentEventTest
[ThreadedStreamConsumer] ERROR org.apache.maven.plugin.surefire.SurefirePlugin - StudentEventPersistence(fr.unice.polytech.si4.isa.devops.teami.entities.events.StudentEventTest)  Time elapsed: 0.764 s  <<< ERROR!
org.apache.openjpa.persistence.PersistenceException
	at fr.unice.polytech.si4.isa.devops.teami.entities.events.StudentEventTest.StudentEventPersistence(StudentEventTest.java:24)
Caused by: java.lang.reflect.InvocationTargetException
	at fr.unice.polytech.si4.isa.devops.teami.entities.events.StudentEventTest.StudentEventPersistence(StudentEventTest.java:24)
Caused by: java.lang.UnsupportedOperationException: class redefinition failed: attempted to change the schema (add/remove fields)
	at fr.unice.polytech.si4.isa.devops.teami.entities.events.StudentEventTest.StudentEventPersistence(StudentEventTest.java:24)

[ThreadedStreamConsumer] INFO org.apache.maven.plugin.surefire.SurefirePlugin - Running fr.unice.polytech.si4.isa.devops.teami.entities.events.ClubEventTest
Apr 16, 2019 4:47:44 PM org.apache.openejb.util.JarExtractor extract
INFO: Extracting jar: /tmp/arquillian-tomee-app-working-dir/0/f96e98bd-5b91-47a6-b503-2a29549bb224.war
Apr 16, 2019 4:47:44 PM org.apache.openejb.util.JarExtractor extract
INFO: Extracted path: /tmp/arquillian-tomee-app-working-dir/0/f96e98bd-5b91-47a6-b503-2a29549bb224
Apr 16, 2019 4:47:44 PM org.apache.tomee.catalina.TomcatWebAppBuilder deployWebApps
INFO: using default host: localhost
Apr 16, 2019 4:47:44 PM org.apache.tomee.catalina.TomcatWebAppBuilder init
INFO: ------------------------- localhost -> /f96e98bd-5b91-47a6-b503-2a29549bb224
Apr 16, 2019 4:47:44 PM org.apache.openejb.util.OptionsLog info
INFO: Using 'openejb.session.manager=org.apache.tomee.catalina.session.QuickSessionManager'
Apr 16, 2019 4:47:44 PM org.apache.openejb.config.ConfigurationFactory configureApplication
INFO: Configuring enterprise application: /tmp/arquillian-tomee-app-working-dir/0/f96e98bd-5b91-47a6-b503-2a29549bb224
Apr 16, 2019 4:47:45 PM org.apache.openejb.config.AutoConfig deploy
INFO: Configuring PersistenceUnit(name=entities_persistence_unit)
Apr 16, 2019 4:47:45 PM org.apache.openejb.config.AutoConfig setJtaDataSource
INFO: Adjusting PersistenceUnit entities_persistence_unit <jta-data-source> to Resource ID 'Default JDBC Database' from 'PolydiplomaDataSource'
Apr 16, 2019 4:47:45 PM org.apache.openejb.config.AutoConfig setNonJtaDataSource
INFO: Adjusting PersistenceUnit entities_persistence_unit <non-jta-data-source> to Resource ID 'Default Unmanaged JDBC Database' from 'null'
Apr 16, 2019 4:47:45 PM org.apache.openejb.config.ReportValidationResults logResults
WARNING: WARN ... WebModule{moduleId='f96e98bd-5b91-47a6-b503-2a29549bb224', contextRoot='f96e98bd-5b91-47a6-b503-2a29549bb224'}:	Incorrect location of file file:/tmp/arquillian-tomee-app-working-dir/0/f96e98bd-5b91-47a6-b503-2a29549bb224/META-INF/beans.xml The file should be in WEB-INF directory
Apr 16, 2019 4:47:45 PM org.apache.openejb.config.ReportValidationResults logResults
WARNING: 1 warning for WebModule(path=f96e98bd-5b91-47a6-b503-2a29549bb224)
Apr 16, 2019 4:47:45 PM org.apache.openejb.config.AppInfoBuilder build
INFO: Enterprise application "/tmp/arquillian-tomee-app-working-dir/0/f96e98bd-5b91-47a6-b503-2a29549bb224" loaded.
Apr 16, 2019 4:47:45 PM org.apache.openejb.assembler.classic.Assembler createApplication
INFO: Assembling app: /tmp/arquillian-tomee-app-working-dir/0/f96e98bd-5b91-47a6-b503-2a29549bb224
Apr 16, 2019 4:47:45 PM null
INFO: OpenJPA dynamically loaded a validation provider.
Apr 16, 2019 4:47:45 PM org.apache.openejb.assembler.classic.ReloadableEntityManagerFactory createDelegate
INFO: PersistenceUnit(name=entities_persistence_unit, provider=org.apache.openjpa.persistence.PersistenceProviderImpl) - provider time 35ms
Apr 16, 2019 4:47:45 PM org.apache.openejb.assembler.classic.Assembler createApplication
INFO: Deployed Application(path=/tmp/arquillian-tomee-app-working-dir/0/f96e98bd-5b91-47a6-b503-2a29549bb224)
Apr 16, 2019 4:47:45 PM org.apache.jasper.servlet.TldScanner scanJars
INFO: At least one JAR was scanned for TLDs yet contained no TLDs. Enable debug logging for this logger for a complete list of JARs that were scanned but no TLDs were found in them. Skipping unneeded JARs during scanning can improve startup time and JSP compilation time.
Apr 16, 2019 4:47:45 PM null
INFO: Starting OpenJPA 2.4.1
Apr 16, 2019 4:47:45 PM null
INFO: Using dictionary class "org.apache.openjpa.jdbc.sql.HSQLDictionary" (HSQL Database Engine 2.3.2 ,HSQL Database Engine Driver 2.3.2).
Apr 16, 2019 4:47:45 PM null
INFO: Connected to HSQL Database Engine version 2.2 using JDBC driver HSQL Database Engine Driver version 2.3.2. 
Apr 16, 2019 4:47:45 PM null
INFO: Creating subclass and redefining methods for "[class fr.unice.polytech.si4.isa.devops.teami.entities.guests.Person, class fr.unice.polytech.si4.isa.devops.teami.entities.invitations.StudentInvitation, class fr.unice.polytech.si4.isa.devops.teami.entities.school.Speciality, class fr.unice.polytech.si4.isa.devops.teami.entities.events.StudentEvent, class fr.unice.polytech.si4.isa.devops.teami.entities.ceremony.Planning, class fr.unice.polytech.si4.isa.devops.teami.entities.guests.Student, class fr.unice.polytech.si4.isa.devops.teami.entities.events.ClubEvent, class fr.unice.polytech.si4.isa.devops.teami.entities.events.VipEvent, class fr.unice.polytech.si4.isa.devops.teami.entities.guests.Attendant, class fr.unice.polytech.si4.isa.devops.teami.entities.school.Bill, class fr.unice.polytech.si4.isa.devops.teami.entities.guests.Vip, class fr.unice.polytech.si4.isa.devops.teami.entities.events.Event, class fr.unice.polytech.si4.isa.devops.teami.entities.ceremony.Ceremony, class fr.unice.polytech.si4.isa.devops.teami.entities.invitations.VIPInvitation, class fr.unice.polytech.si4.isa.devops.teami.entities.school.Club]". This means that your application will be less efficient than it would if you ran the OpenJPA enhancer.
Apr 16, 2019 4:47:46 PM org.apache.openejb.assembler.classic.Assembler destroyApplication
INFO: Undeploying app: /tmp/arquillian-tomee-app-working-dir/0/f96e98bd-5b91-47a6-b503-2a29549bb224
[ThreadedStreamConsumer] ERROR org.apache.maven.plugin.surefire.SurefirePlugin - Tests run: 1, Failures: 0, Errors: 1, Skipped: 0, Time elapsed: 1.421 s <<< FAILURE! - in fr.unice.polytech.si4.isa.devops.teami.entities.events.ClubEventTest
[ThreadedStreamConsumer] ERROR org.apache.maven.plugin.surefire.SurefirePlugin - StudentEventPersistence(fr.unice.polytech.si4.isa.devops.teami.entities.events.ClubEventTest)  Time elapsed: 0.679 s  <<< ERROR!
org.apache.openjpa.persistence.PersistenceException
	at fr.unice.polytech.si4.isa.devops.teami.entities.events.ClubEventTest.StudentEventPersistence(ClubEventTest.java:24)
Caused by: java.lang.reflect.InvocationTargetException
	at fr.unice.polytech.si4.isa.devops.teami.entities.events.ClubEventTest.StudentEventPersistence(ClubEventTest.java:24)
Caused by: java.lang.UnsupportedOperationException: class redefinition failed: attempted to change the schema (add/remove fields)
	at fr.unice.polytech.si4.isa.devops.teami.entities.events.ClubEventTest.StudentEventPersistence(ClubEventTest.java:24)

[ThreadedStreamConsumer] INFO org.apache.maven.plugin.surefire.SurefirePlugin - Running fr.unice.polytech.si4.isa.devops.teami.entities.events.VIPEventTest
Apr 16, 2019 4:47:46 PM org.apache.openejb.util.JarExtractor extract
INFO: Extracting jar: /tmp/arquillian-tomee-app-working-dir/0/3280f5eb-3358-44dc-8a46-3ce5cc70d6ea.war
Apr 16, 2019 4:47:46 PM org.apache.openejb.util.JarExtractor extract
INFO: Extracted path: /tmp/arquillian-tomee-app-working-dir/0/3280f5eb-3358-44dc-8a46-3ce5cc70d6ea
Apr 16, 2019 4:47:46 PM org.apache.tomee.catalina.TomcatWebAppBuilder deployWebApps
INFO: using default host: localhost
Apr 16, 2019 4:47:46 PM org.apache.tomee.catalina.TomcatWebAppBuilder init
INFO: ------------------------- localhost -> /3280f5eb-3358-44dc-8a46-3ce5cc70d6ea
Apr 16, 2019 4:47:46 PM org.apache.openejb.util.OptionsLog info
INFO: Using 'openejb.session.manager=org.apache.tomee.catalina.session.QuickSessionManager'
Apr 16, 2019 4:47:46 PM org.apache.openejb.config.ConfigurationFactory configureApplication
INFO: Configuring enterprise application: /tmp/arquillian-tomee-app-working-dir/0/3280f5eb-3358-44dc-8a46-3ce5cc70d6ea
Apr 16, 2019 4:47:46 PM org.apache.openejb.config.AutoConfig deploy
INFO: Configuring PersistenceUnit(name=entities_persistence_unit)
Apr 16, 2019 4:47:46 PM org.apache.openejb.config.AutoConfig setJtaDataSource
INFO: Adjusting PersistenceUnit entities_persistence_unit <jta-data-source> to Resource ID 'Default JDBC Database' from 'PolydiplomaDataSource'
Apr 16, 2019 4:47:46 PM org.apache.openejb.config.AutoConfig setNonJtaDataSource
INFO: Adjusting PersistenceUnit entities_persistence_unit <non-jta-data-source> to Resource ID 'Default Unmanaged JDBC Database' from 'null'
Apr 16, 2019 4:47:46 PM org.apache.openejb.config.ReportValidationResults logResults
WARNING: WARN ... WebModule{moduleId='3280f5eb-3358-44dc-8a46-3ce5cc70d6ea', contextRoot='3280f5eb-3358-44dc-8a46-3ce5cc70d6ea'}:	Incorrect location of file file:/tmp/arquillian-tomee-app-working-dir/0/3280f5eb-3358-44dc-8a46-3ce5cc70d6ea/META-INF/beans.xml The file should be in WEB-INF directory
Apr 16, 2019 4:47:46 PM org.apache.openejb.config.ReportValidationResults logResults
WARNING: 1 warning for WebModule(path=3280f5eb-3358-44dc-8a46-3ce5cc70d6ea)
Apr 16, 2019 4:47:46 PM org.apache.openejb.config.AppInfoBuilder build
INFO: Enterprise application "/tmp/arquillian-tomee-app-working-dir/0/3280f5eb-3358-44dc-8a46-3ce5cc70d6ea" loaded.
Apr 16, 2019 4:47:46 PM org.apache.openejb.assembler.classic.Assembler createApplication
INFO: Assembling app: /tmp/arquillian-tomee-app-working-dir/0/3280f5eb-3358-44dc-8a46-3ce5cc70d6ea
Apr 16, 2019 4:47:46 PM null
INFO: OpenJPA dynamically loaded a validation provider.
Apr 16, 2019 4:47:46 PM org.apache.openejb.assembler.classic.ReloadableEntityManagerFactory createDelegate
INFO: PersistenceUnit(name=entities_persistence_unit, provider=org.apache.openjpa.persistence.PersistenceProviderImpl) - provider time 49ms
Apr 16, 2019 4:47:46 PM org.apache.openejb.assembler.classic.Assembler createApplication
INFO: Deployed Application(path=/tmp/arquillian-tomee-app-working-dir/0/3280f5eb-3358-44dc-8a46-3ce5cc70d6ea)
Apr 16, 2019 4:47:46 PM org.apache.jasper.servlet.TldScanner scanJars
INFO: At least one JAR was scanned for TLDs yet contained no TLDs. Enable debug logging for this logger for a complete list of JARs that were scanned but no TLDs were found in them. Skipping unneeded JARs during scanning can improve startup time and JSP compilation time.
Apr 16, 2019 4:47:46 PM null
INFO: Starting OpenJPA 2.4.1
Apr 16, 2019 4:47:46 PM null
INFO: Using dictionary class "org.apache.openjpa.jdbc.sql.HSQLDictionary" (HSQL Database Engine 2.3.2 ,HSQL Database Engine Driver 2.3.2).
Apr 16, 2019 4:47:46 PM null
INFO: Connected to HSQL Database Engine version 2.2 using JDBC driver HSQL Database Engine Driver version 2.3.2. 
Apr 16, 2019 4:47:47 PM null
INFO: Creating subclass and redefining methods for "[class fr.unice.polytech.si4.isa.devops.teami.entities.guests.Person, class fr.unice.polytech.si4.isa.devops.teami.entities.invitations.StudentInvitation, class fr.unice.polytech.si4.isa.devops.teami.entities.school.Speciality, class fr.unice.polytech.si4.isa.devops.teami.entities.events.StudentEvent, class fr.unice.polytech.si4.isa.devops.teami.entities.ceremony.Planning, class fr.unice.polytech.si4.isa.devops.teami.entities.guests.Student, class fr.unice.polytech.si4.isa.devops.teami.entities.events.ClubEvent, class fr.unice.polytech.si4.isa.devops.teami.entities.events.VipEvent, class fr.unice.polytech.si4.isa.devops.teami.entities.guests.Attendant, class fr.unice.polytech.si4.isa.devops.teami.entities.school.Bill, class fr.unice.polytech.si4.isa.devops.teami.entities.guests.Vip, class fr.unice.polytech.si4.isa.devops.teami.entities.events.Event, class fr.unice.polytech.si4.isa.devops.teami.entities.ceremony.Ceremony, class fr.unice.polytech.si4.isa.devops.teami.entities.invitations.VIPInvitation, class fr.unice.polytech.si4.isa.devops.teami.entities.school.Club]". This means that your application will be less efficient than it would if you ran the OpenJPA enhancer.
Apr 16, 2019 4:47:47 PM org.apache.openejb.assembler.classic.Assembler destroyApplication
INFO: Undeploying app: /tmp/arquillian-tomee-app-working-dir/0/3280f5eb-3358-44dc-8a46-3ce5cc70d6ea
[ThreadedStreamConsumer] ERROR org.apache.maven.plugin.surefire.SurefirePlugin - Tests run: 1, Failures: 0, Errors: 1, Skipped: 0, Time elapsed: 1.348 s <<< FAILURE! - in fr.unice.polytech.si4.isa.devops.teami.entities.events.VIPEventTest
[ThreadedStreamConsumer] ERROR org.apache.maven.plugin.surefire.SurefirePlugin - VIPEventPersistence(fr.unice.polytech.si4.isa.devops.teami.entities.events.VIPEventTest)  Time elapsed: 0.693 s  <<< ERROR!
org.apache.openjpa.persistence.PersistenceException
	at fr.unice.polytech.si4.isa.devops.teami.entities.events.VIPEventTest.VIPEventPersistence(VIPEventTest.java:25)
Caused by: java.lang.reflect.InvocationTargetException
	at fr.unice.polytech.si4.isa.devops.teami.entities.events.VIPEventTest.VIPEventPersistence(VIPEventTest.java:25)
Caused by: java.lang.UnsupportedOperationException: class redefinition failed: attempted to change the schema (add/remove fields)
	at fr.unice.polytech.si4.isa.devops.teami.entities.events.VIPEventTest.VIPEventPersistence(VIPEventTest.java:25)

[ThreadedStreamConsumer] INFO org.apache.maven.plugin.surefire.SurefirePlugin - Running fr.unice.polytech.si4.isa.devops.teami.entities.ceremony.CeremonyTest
Apr 16, 2019 4:47:47 PM org.apache.openejb.util.JarExtractor extract
INFO: Extracting jar: /tmp/arquillian-tomee-app-working-dir/0/4845c0e3-49cb-4bd3-8fca-76ba462297e3.war
Apr 16, 2019 4:47:47 PM org.apache.openejb.util.JarExtractor extract
INFO: Extracted path: /tmp/arquillian-tomee-app-working-dir/0/4845c0e3-49cb-4bd3-8fca-76ba462297e3
Apr 16, 2019 4:47:47 PM org.apache.tomee.catalina.TomcatWebAppBuilder deployWebApps
INFO: using default host: localhost
Apr 16, 2019 4:47:47 PM org.apache.tomee.catalina.TomcatWebAppBuilder init
INFO: ------------------------- localhost -> /4845c0e3-49cb-4bd3-8fca-76ba462297e3
Apr 16, 2019 4:47:47 PM org.apache.openejb.util.OptionsLog info
INFO: Using 'openejb.session.manager=org.apache.tomee.catalina.session.QuickSessionManager'
Apr 16, 2019 4:47:47 PM org.apache.openejb.config.ConfigurationFactory configureApplication
INFO: Configuring enterprise application: /tmp/arquillian-tomee-app-working-dir/0/4845c0e3-49cb-4bd3-8fca-76ba462297e3
Apr 16, 2019 4:47:47 PM org.apache.openejb.config.AutoConfig deploy
INFO: Configuring PersistenceUnit(name=entities_persistence_unit)
Apr 16, 2019 4:47:47 PM org.apache.openejb.config.AutoConfig setJtaDataSource
INFO: Adjusting PersistenceUnit entities_persistence_unit <jta-data-source> to Resource ID 'Default JDBC Database' from 'PolydiplomaDataSource'
Apr 16, 2019 4:47:47 PM org.apache.openejb.config.AutoConfig setNonJtaDataSource
INFO: Adjusting PersistenceUnit entities_persistence_unit <non-jta-data-source> to Resource ID 'Default Unmanaged JDBC Database' from 'null'
Apr 16, 2019 4:47:47 PM org.apache.openejb.config.ReportValidationResults logResults
WARNING: WARN ... WebModule{moduleId='4845c0e3-49cb-4bd3-8fca-76ba462297e3', contextRoot='4845c0e3-49cb-4bd3-8fca-76ba462297e3'}:	Incorrect location of file file:/tmp/arquillian-tomee-app-working-dir/0/4845c0e3-49cb-4bd3-8fca-76ba462297e3/META-INF/beans.xml The file should be in WEB-INF directory
Apr 16, 2019 4:47:47 PM org.apache.openejb.config.ReportValidationResults logResults
WARNING: 1 warning for WebModule(path=4845c0e3-49cb-4bd3-8fca-76ba462297e3)
Apr 16, 2019 4:47:47 PM org.apache.openejb.config.AppInfoBuilder build
INFO: Enterprise application "/tmp/arquillian-tomee-app-working-dir/0/4845c0e3-49cb-4bd3-8fca-76ba462297e3" loaded.
Apr 16, 2019 4:47:47 PM org.apache.openejb.assembler.classic.Assembler createApplication
INFO: Assembling app: /tmp/arquillian-tomee-app-working-dir/0/4845c0e3-49cb-4bd3-8fca-76ba462297e3
Apr 16, 2019 4:47:47 PM null
INFO: OpenJPA dynamically loaded a validation provider.
Apr 16, 2019 4:47:47 PM org.apache.openejb.assembler.classic.ReloadableEntityManagerFactory createDelegate
INFO: PersistenceUnit(name=entities_persistence_unit, provider=org.apache.openjpa.persistence.PersistenceProviderImpl) - provider time 32ms
Apr 16, 2019 4:47:47 PM org.apache.openejb.assembler.classic.Assembler createApplication
INFO: Deployed Application(path=/tmp/arquillian-tomee-app-working-dir/0/4845c0e3-49cb-4bd3-8fca-76ba462297e3)
Apr 16, 2019 4:47:48 PM org.apache.jasper.servlet.TldScanner scanJars
INFO: At least one JAR was scanned for TLDs yet contained no TLDs. Enable debug logging for this logger for a complete list of JARs that were scanned but no TLDs were found in them. Skipping unneeded JARs during scanning can improve startup time and JSP compilation time.
Apr 16, 2019 4:47:48 PM null
INFO: Starting OpenJPA 2.4.1
Apr 16, 2019 4:47:48 PM null
INFO: Using dictionary class "org.apache.openjpa.jdbc.sql.HSQLDictionary" (HSQL Database Engine 2.3.2 ,HSQL Database Engine Driver 2.3.2).
Apr 16, 2019 4:47:48 PM null
INFO: Connected to HSQL Database Engine version 2.2 using JDBC driver HSQL Database Engine Driver version 2.3.2. 
Apr 16, 2019 4:47:48 PM null
INFO: Creating subclass and redefining methods for "[class fr.unice.polytech.si4.isa.devops.teami.entities.guests.Person, class fr.unice.polytech.si4.isa.devops.teami.entities.invitations.StudentInvitation, class fr.unice.polytech.si4.isa.devops.teami.entities.school.Speciality, class fr.unice.polytech.si4.isa.devops.teami.entities.events.StudentEvent, class fr.unice.polytech.si4.isa.devops.teami.entities.ceremony.Planning, class fr.unice.polytech.si4.isa.devops.teami.entities.guests.Student, class fr.unice.polytech.si4.isa.devops.teami.entities.events.ClubEvent, class fr.unice.polytech.si4.isa.devops.teami.entities.events.VipEvent, class fr.unice.polytech.si4.isa.devops.teami.entities.guests.Attendant, class fr.unice.polytech.si4.isa.devops.teami.entities.school.Bill, class fr.unice.polytech.si4.isa.devops.teami.entities.guests.Vip, class fr.unice.polytech.si4.isa.devops.teami.entities.events.Event, class fr.unice.polytech.si4.isa.devops.teami.entities.ceremony.Ceremony, class fr.unice.polytech.si4.isa.devops.teami.entities.invitations.VIPInvitation, class fr.unice.polytech.si4.isa.devops.teami.entities.school.Club]". This means that your application will be less efficient than it would if you ran the OpenJPA enhancer.
Apr 16, 2019 4:47:48 PM org.apache.openejb.assembler.classic.Assembler destroyApplication
INFO: Undeploying app: /tmp/arquillian-tomee-app-working-dir/0/4845c0e3-49cb-4bd3-8fca-76ba462297e3
[ThreadedStreamConsumer] ERROR org.apache.maven.plugin.surefire.SurefirePlugin - Tests run: 1, Failures: 0, Errors: 1, Skipped: 0, Time elapsed: 1.359 s <<< FAILURE! - in fr.unice.polytech.si4.isa.devops.teami.entities.ceremony.CeremonyTest
[ThreadedStreamConsumer] ERROR org.apache.maven.plugin.surefire.SurefirePlugin - CeremonyPersistence(fr.unice.polytech.si4.isa.devops.teami.entities.ceremony.CeremonyTest)  Time elapsed: 0.696 s  <<< ERROR!
org.apache.openjpa.persistence.PersistenceException
	at fr.unice.polytech.si4.isa.devops.teami.entities.ceremony.CeremonyTest.CeremonyPersistence(CeremonyTest.java:24)
Caused by: java.lang.reflect.InvocationTargetException
	at fr.unice.polytech.si4.isa.devops.teami.entities.ceremony.CeremonyTest.CeremonyPersistence(CeremonyTest.java:24)
Caused by: java.lang.UnsupportedOperationException: class redefinition failed: attempted to change the schema (add/remove fields)
	at fr.unice.polytech.si4.isa.devops.teami.entities.ceremony.CeremonyTest.CeremonyPersistence(CeremonyTest.java:24)

[ThreadedStreamConsumer] INFO org.apache.maven.plugin.surefire.SurefirePlugin - Running fr.unice.polytech.si4.isa.devops.teami.entities.ceremony.PlanningTest
Apr 16, 2019 4:47:49 PM org.apache.openejb.util.JarExtractor extract
INFO: Extracting jar: /tmp/arquillian-tomee-app-working-dir/0/1ebc0351-0e54-4120-af74-d2777957e2a5.war
Apr 16, 2019 4:47:49 PM org.apache.openejb.util.JarExtractor extract
INFO: Extracted path: /tmp/arquillian-tomee-app-working-dir/0/1ebc0351-0e54-4120-af74-d2777957e2a5
Apr 16, 2019 4:47:49 PM org.apache.tomee.catalina.TomcatWebAppBuilder deployWebApps
INFO: using default host: localhost
Apr 16, 2019 4:47:49 PM org.apache.tomee.catalina.TomcatWebAppBuilder init
INFO: ------------------------- localhost -> /1ebc0351-0e54-4120-af74-d2777957e2a5
Apr 16, 2019 4:47:49 PM org.apache.openejb.util.OptionsLog info
INFO: Using 'openejb.session.manager=org.apache.tomee.catalina.session.QuickSessionManager'
Apr 16, 2019 4:47:49 PM org.apache.openejb.config.ConfigurationFactory configureApplication
INFO: Configuring enterprise application: /tmp/arquillian-tomee-app-working-dir/0/1ebc0351-0e54-4120-af74-d2777957e2a5
Apr 16, 2019 4:47:49 PM org.apache.openejb.config.AutoConfig deploy
INFO: Configuring PersistenceUnit(name=entities_persistence_unit)
Apr 16, 2019 4:47:49 PM org.apache.openejb.config.AutoConfig setJtaDataSource
INFO: Adjusting PersistenceUnit entities_persistence_unit <jta-data-source> to Resource ID 'Default JDBC Database' from 'PolydiplomaDataSource'
Apr 16, 2019 4:47:49 PM org.apache.openejb.config.AutoConfig setNonJtaDataSource
INFO: Adjusting PersistenceUnit entities_persistence_unit <non-jta-data-source> to Resource ID 'Default Unmanaged JDBC Database' from 'null'
Apr 16, 2019 4:47:49 PM org.apache.openejb.config.ReportValidationResults logResults
WARNING: WARN ... WebModule{moduleId='1ebc0351-0e54-4120-af74-d2777957e2a5', contextRoot='1ebc0351-0e54-4120-af74-d2777957e2a5'}:	Incorrect location of file file:/tmp/arquillian-tomee-app-working-dir/0/1ebc0351-0e54-4120-af74-d2777957e2a5/META-INF/beans.xml The file should be in WEB-INF directory
Apr 16, 2019 4:47:49 PM org.apache.openejb.config.ReportValidationResults logResults
WARNING: 1 warning for WebModule(path=1ebc0351-0e54-4120-af74-d2777957e2a5)
Apr 16, 2019 4:47:49 PM org.apache.openejb.config.AppInfoBuilder build
INFO: Enterprise application "/tmp/arquillian-tomee-app-working-dir/0/1ebc0351-0e54-4120-af74-d2777957e2a5" loaded.
Apr 16, 2019 4:47:49 PM org.apache.openejb.assembler.classic.Assembler createApplication
INFO: Assembling app: /tmp/arquillian-tomee-app-working-dir/0/1ebc0351-0e54-4120-af74-d2777957e2a5
Apr 16, 2019 4:47:49 PM null
INFO: OpenJPA dynamically loaded a validation provider.
Apr 16, 2019 4:47:49 PM org.apache.openejb.assembler.classic.ReloadableEntityManagerFactory createDelegate
INFO: PersistenceUnit(name=entities_persistence_unit, provider=org.apache.openjpa.persistence.PersistenceProviderImpl) - provider time 22ms
Apr 16, 2019 4:47:49 PM org.apache.openejb.assembler.classic.Assembler createApplication
INFO: Deployed Application(path=/tmp/arquillian-tomee-app-working-dir/0/1ebc0351-0e54-4120-af74-d2777957e2a5)
Apr 16, 2019 4:47:49 PM org.apache.jasper.servlet.TldScanner scanJars
INFO: At least one JAR was scanned for TLDs yet contained no TLDs. Enable debug logging for this logger for a complete list of JARs that were scanned but no TLDs were found in them. Skipping unneeded JARs during scanning can improve startup time and JSP compilation time.
Apr 16, 2019 4:47:49 PM null
INFO: Starting OpenJPA 2.4.1
Apr 16, 2019 4:47:49 PM null
INFO: Using dictionary class "org.apache.openjpa.jdbc.sql.HSQLDictionary" (HSQL Database Engine 2.3.2 ,HSQL Database Engine Driver 2.3.2).
Apr 16, 2019 4:47:49 PM null
INFO: Connected to HSQL Database Engine version 2.2 using JDBC driver HSQL Database Engine Driver version 2.3.2. 
Apr 16, 2019 4:47:49 PM null
INFO: Creating subclass and redefining methods for "[class fr.unice.polytech.si4.isa.devops.teami.entities.guests.Person, class fr.unice.polytech.si4.isa.devops.teami.entities.invitations.StudentInvitation, class fr.unice.polytech.si4.isa.devops.teami.entities.school.Speciality, class fr.unice.polytech.si4.isa.devops.teami.entities.events.StudentEvent, class fr.unice.polytech.si4.isa.devops.teami.entities.ceremony.Planning, class fr.unice.polytech.si4.isa.devops.teami.entities.guests.Student, class fr.unice.polytech.si4.isa.devops.teami.entities.events.ClubEvent, class fr.unice.polytech.si4.isa.devops.teami.entities.events.VipEvent, class fr.unice.polytech.si4.isa.devops.teami.entities.guests.Attendant, class fr.unice.polytech.si4.isa.devops.teami.entities.school.Bill, class fr.unice.polytech.si4.isa.devops.teami.entities.guests.Vip, class fr.unice.polytech.si4.isa.devops.teami.entities.events.Event, class fr.unice.polytech.si4.isa.devops.teami.entities.ceremony.Ceremony, class fr.unice.polytech.si4.isa.devops.teami.entities.invitations.VIPInvitation, class fr.unice.polytech.si4.isa.devops.teami.entities.school.Club]". This means that your application will be less efficient than it would if you ran the OpenJPA enhancer.
Apr 16, 2019 4:47:50 PM org.apache.openejb.assembler.classic.Assembler destroyApplication
INFO: Undeploying app: /tmp/arquillian-tomee-app-working-dir/0/1ebc0351-0e54-4120-af74-d2777957e2a5
[ThreadedStreamConsumer] ERROR org.apache.maven.plugin.surefire.SurefirePlugin - Tests run: 1, Failures: 0, Errors: 1, Skipped: 0, Time elapsed: 1.154 s <<< FAILURE! - in fr.unice.polytech.si4.isa.devops.teami.entities.ceremony.PlanningTest
[ThreadedStreamConsumer] ERROR org.apache.maven.plugin.surefire.SurefirePlugin - PlanningPersistence(fr.unice.polytech.si4.isa.devops.teami.entities.ceremony.PlanningTest)  Time elapsed: 0.621 s  <<< ERROR!
org.apache.openjpa.persistence.PersistenceException
	at fr.unice.polytech.si4.isa.devops.teami.entities.ceremony.PlanningTest.PlanningPersistence(PlanningTest.java:19)
Caused by: java.lang.reflect.InvocationTargetException
	at fr.unice.polytech.si4.isa.devops.teami.entities.ceremony.PlanningTest.PlanningPersistence(PlanningTest.java:19)
Caused by: java.lang.UnsupportedOperationException: class redefinition failed: attempted to change the schema (add/remove fields)
	at fr.unice.polytech.si4.isa.devops.teami.entities.ceremony.PlanningTest.PlanningPersistence(PlanningTest.java:19)

Apr 16, 2019 4:47:50 PM org.apache.coyote.AbstractProtocol stop
INFO: Stopping ProtocolHandler ["http-nio-8080"]
Apr 16, 2019 4:47:50 PM org.apache.coyote.AbstractProtocol pause
INFO: Pausing ProtocolHandler ["http-nio-8080"]
Apr 16, 2019 4:47:50 PM org.apache.catalina.core.StandardService stopInternal
INFO: Stopping service Tomcat
Apr 16, 2019 4:47:50 PM org.apache.openejb.assembler.classic.Assembler doResourceDestruction
INFO: Closing DataSource: Default JDBC Database
Apr 16, 2019 4:47:50 PM org.apache.openejb.assembler.classic.Assembler doResourceDestruction
INFO: Closing DataSource: Default Unmanaged JDBC Database
Apr 16, 2019 4:47:50 PM org.apache.coyote.AbstractProtocol destroy
INFO: Destroying ProtocolHandler ["http-nio-8080"]
[main] INFO org.apache.maven.plugin.surefire.SurefirePlugin - 
[main] INFO org.apache.maven.plugin.surefire.SurefirePlugin - Results:
[main] INFO org.apache.maven.plugin.surefire.SurefirePlugin - 
[main] ERROR org.apache.maven.plugin.surefire.SurefirePlugin - Errors: 
[main] ERROR org.apache.maven.plugin.surefire.SurefirePlugin -   CeremonyTest.CeremonyPersistence:24 » Persistence
[main] ERROR org.apache.maven.plugin.surefire.SurefirePlugin -   PlanningTest.PlanningPersistence:19 » Persistence
[main] ERROR org.apache.maven.plugin.surefire.SurefirePlugin -   ClubEventTest.StudentEventPersistence:24 » Persistence
[main] ERROR org.apache.maven.plugin.surefire.SurefirePlugin -   StudentEventTest.StudentEventPersistence:24 » Persistence
[main] ERROR org.apache.maven.plugin.surefire.SurefirePlugin -   VIPEventTest.VIPEventPersistence:25 » Persistence
[main] ERROR org.apache.maven.plugin.surefire.SurefirePlugin -   AttendantTest.AttendantPersistence:20 » Persistence
[main] ERROR org.apache.maven.plugin.surefire.SurefirePlugin -   StudentTest.StudentPersistence:20 » Persistence
[main] ERROR org.apache.maven.plugin.surefire.SurefirePlugin -   VipTest.VIPPersistence:20 » Persistence
[main] ERROR org.apache.maven.plugin.surefire.SurefirePlugin -   StudentInvitationTest.StudentInvitationPersistence:21 » Persistence
[main] ERROR org.apache.maven.plugin.surefire.SurefirePlugin -   VIPInvitationTest.VIPInvitationPersistence:21 » Persistence
[main] ERROR org.apache.maven.plugin.surefire.SurefirePlugin -   BillTest.BillPersistence:23 » Persistence
[main] ERROR org.apache.maven.plugin.surefire.SurefirePlugin -   ClubTest.ClubPersistence:19 » Persistence
[main] ERROR org.apache.maven.plugin.surefire.SurefirePlugin -   SpecialityTest.SpecialityPersistence:19 » Persistence
[main] INFO org.apache.maven.plugin.surefire.SurefirePlugin - 
[main] ERROR org.apache.maven.plugin.surefire.SurefirePlugin - Tests run: 13, Failures: 0, Errors: 13, Skipped: 0
[main] INFO org.apache.maven.plugin.surefire.SurefirePlugin - 
[main] INFO org.apache.maven.cli.event.ExecutionEventLogger - ------------------------------------------------------------------------
[main] INFO org.apache.maven.cli.event.ExecutionEventLogger - BUILD FAILURE
[main] INFO org.apache.maven.cli.event.ExecutionEventLogger - ------------------------------------------------------------------------
[main] INFO org.apache.maven.cli.event.ExecutionEventLogger - Total time:  01:10 min
[main] INFO org.apache.maven.cli.event.ExecutionEventLogger - Finished at: 2019-04-16T16:47:51Z
[main] INFO org.apache.maven.cli.event.ExecutionEventLogger - ------------------------------------------------------------------------
[main] ERROR org.apache.maven.cli.MavenCli - Failed to execute goal org.apache.maven.plugins:maven-surefire-plugin:2.22.1:test (default-test) on project teami-polydiploma-entities: There are test failures.
[main] ERROR org.apache.maven.cli.MavenCli - 
[main] ERROR org.apache.maven.cli.MavenCli - Please refer to /var/jenkins_home/workspace/teami-polydiploma-entities/target/surefire-reports for the individual test results.
[main] ERROR org.apache.maven.cli.MavenCli - Please refer to dump files (if any exist) [date].dump, [date]-jvmRun[N].dump and [date].dumpstream.
[main] ERROR org.apache.maven.cli.MavenCli - -> [Help 1]
[main] ERROR org.apache.maven.cli.MavenCli - 
[main] ERROR org.apache.maven.cli.MavenCli - To see the full stack trace of the errors, re-run Maven with the -e switch.
[main] ERROR org.apache.maven.cli.MavenCli - Re-run Maven using the -X switch to enable full debug logging.
[main] ERROR org.apache.maven.cli.MavenCli - 
[main] ERROR org.apache.maven.cli.MavenCli - For more information about the errors and possible solutions, please read the following articles:
[main] ERROR org.apache.maven.cli.MavenCli - [Help 1] http://cwiki.apache.org/confluence/display/MAVEN/MojoFailureException
Build step 'Invoke Artifactory Maven 3' changed build result to FAILURE
Build step 'Invoke Artifactory Maven 3' marked build as failure
Finished: FAILURE
